2020-05-30 01:49:21.184  INFO 23811 --- [SpringContextShutdownHook] j.LocalContainerEntityManagerFactoryBean : Closing JPA EntityManagerFactory for persistence unit 'default'
2020-05-30 01:49:21.210  INFO 23811 --- [SpringContextShutdownHook] o.s.s.concurrent.ThreadPoolTaskExecutor  : Shutting down ExecutorService 'applicationTaskExecutor'
2020-05-30 01:49:21.217  INFO 23811 --- [SpringContextShutdownHook] com.zaxxer.hikari.HikariDataSource       : HikariPool-1 - Shutdown initiated...
2020-05-30 01:49:21.234  INFO 23811 --- [SpringContextShutdownHook] com.zaxxer.hikari.HikariDataSource       : HikariPool-1 - Shutdown completed.
2020-05-30 01:50:35.500  INFO 34128 --- [restartedMain] c.b.b.BucketlistClientApplication        : Starting BucketlistClientApplication on Umars-MacBook-Pro.local with PID 34128 (/Users/umarsaiduauna/Documents/IntelliJ/Java/SpringBoot/bucketlist-client/target/classes started by umarsaiduauna in /Users/umarsaiduauna/Documents/IntelliJ/Java/SpringBoot/bucketlist-client)
2020-05-30 01:50:35.504  INFO 34128 --- [restartedMain] c.b.b.BucketlistClientApplication        : No active profile set, falling back to default profiles: default
2020-05-30 01:50:35.563  INFO 34128 --- [restartedMain] .e.DevToolsPropertyDefaultsPostProcessor : Devtools property defaults active! Set 'spring.devtools.add-properties' to 'false' to disable
2020-05-30 01:50:36.409  INFO 34128 --- [restartedMain] .s.d.r.c.RepositoryConfigurationDelegate : Bootstrapping Spring Data JPA repositories in DEFERRED mode.
2020-05-30 01:50:36.486  INFO 34128 --- [restartedMain] .s.d.r.c.RepositoryConfigurationDelegate : Finished Spring Data repository scanning in 65ms. Found 2 JPA repository interfaces.
2020-05-30 01:50:37.184  INFO 34128 --- [restartedMain] o.s.b.w.embedded.tomcat.TomcatWebServer  : Tomcat initialized with port(s): 8080 (http)
2020-05-30 01:50:37.199  INFO 34128 --- [restartedMain] o.apache.catalina.core.StandardService   : Starting service [Tomcat]
2020-05-30 01:50:37.199  INFO 34128 --- [restartedMain] org.apache.catalina.core.StandardEngine  : Starting Servlet engine: [Apache Tomcat/9.0.35]
2020-05-30 01:50:37.323  INFO 34128 --- [restartedMain] o.a.c.c.C.[Tomcat].[localhost].[/]       : Initializing Spring embedded WebApplicationContext
2020-05-30 01:50:37.324 DEBUG 34128 --- [restartedMain] o.s.web.context.ContextLoader            : Published root WebApplicationContext as ServletContext attribute with name [org.springframework.web.context.WebApplicationContext.ROOT]
2020-05-30 01:50:37.324  INFO 34128 --- [restartedMain] o.s.web.context.ContextLoader            : Root WebApplicationContext: initialization completed in 1761 ms
2020-05-30 01:50:37.342 DEBUG 34128 --- [restartedMain] o.s.b.w.s.ServletContextInitializerBeans : Mapping filters: characterEncodingFilter urls=[/*] order=-2147483648, formContentFilter urls=[/*] order=-9900, requestContextFilter urls=[/*] order=-105
2020-05-30 01:50:37.343 DEBUG 34128 --- [restartedMain] o.s.b.w.s.ServletContextInitializerBeans : Mapping servlets: dispatcherServlet urls=[/]
2020-05-30 01:50:37.543  INFO 34128 --- [restartedMain] o.s.s.concurrent.ThreadPoolTaskExecutor  : Initializing ExecutorService 'applicationTaskExecutor'
2020-05-30 01:50:37.604  INFO 34128 --- [task-1] o.hibernate.jpa.internal.util.LogHelper  : HHH000204: Processing PersistenceUnitInfo [name: default]
2020-05-30 01:50:37.651  WARN 34128 --- [restartedMain] JpaBaseConfiguration$JpaWebConfiguration : spring.jpa.open-in-view is enabled by default. Therefore, database queries may be performed during view rendering. Explicitly configure spring.jpa.open-in-view to disable this warning
2020-05-30 01:50:37.664  INFO 34128 --- [task-1] org.hibernate.Version                    : HHH000412: Hibernate ORM core version 5.4.15.Final
2020-05-30 01:50:37.848  INFO 34128 --- [task-1] o.hibernate.annotations.common.Version   : HCANN000001: Hibernate Commons Annotations {5.1.0.Final}
2020-05-30 01:50:37.969  INFO 34128 --- [task-1] com.zaxxer.hikari.HikariDataSource       : HikariPool-1 - Starting...
2020-05-30 01:50:38.405  INFO 34128 --- [task-1] com.zaxxer.hikari.HikariDataSource       : HikariPool-1 - Start completed.
2020-05-30 01:50:38.431  INFO 34128 --- [task-1] org.hibernate.dialect.Dialect            : HHH000400: Using dialect: org.hibernate.dialect.MySQL8Dialect
2020-05-30 01:50:39.225  INFO 34128 --- [task-1] o.h.e.t.j.p.i.JtaPlatformInitiator       : HHH000490: Using JtaPlatform implementation: [org.hibernate.engine.transaction.jta.platform.internal.NoJtaPlatform]
2020-05-30 01:50:39.241  INFO 34128 --- [task-1] j.LocalContainerEntityManagerFactoryBean : Initialized JPA EntityManagerFactory for persistence unit 'default'
2020-05-30 01:50:39.669 DEBUG 34128 --- [restartedMain] s.w.s.m.m.a.RequestMappingHandlerAdapter : ControllerAdvice beans: 0 @ModelAttribute, 0 @InitBinder, 1 RequestBodyAdvice, 1 ResponseBodyAdvice
2020-05-30 01:50:39.776  INFO 34128 --- [task-2] o.s.b.d.a.OptionalLiveReloadServer       : LiveReload server is running on port 35729
2020-05-30 01:50:39.838 DEBUG 34128 --- [restartedMain] s.w.s.m.m.a.RequestMappingHandlerMapping : 12 mappings in 'requestMappingHandlerMapping'
2020-05-30 01:50:39.847  INFO 34128 --- [restartedMain] o.s.b.a.w.s.WelcomePageHandlerMapping    : Adding welcome page template: index
2020-05-30 01:50:39.882 DEBUG 34128 --- [restartedMain] o.s.w.s.handler.SimpleUrlHandlerMapping  : Patterns [/webjars/**, /**] in 'resourceHandlerMapping'
2020-05-30 01:50:39.905 DEBUG 34128 --- [restartedMain] .m.m.a.ExceptionHandlerExceptionResolver : ControllerAdvice beans: 0 @ExceptionHandler, 1 ResponseBodyAdvice
2020-05-30 01:50:40.104  INFO 34128 --- [restartedMain] o.s.b.w.embedded.tomcat.TomcatWebServer  : Tomcat started on port(s): 8080 (http) with context path ''
2020-05-30 01:50:40.108  INFO 34128 --- [restartedMain] DeferredRepositoryInitializationListener : Triggering deferred initialization of Spring Data repositories…
2020-05-30 01:50:40.186  INFO 34128 --- [restartedMain] DeferredRepositoryInitializationListener : Spring Data repositories initialized!
2020-05-30 01:50:40.199  INFO 34128 --- [restartedMain] c.b.b.BucketlistClientApplication        : Started BucketlistClientApplication in 5.148 seconds (JVM running for 6.54)
2020-05-30 01:51:19.002  INFO 34128 --- [http-nio-8080-exec-2] o.a.c.c.C.[Tomcat].[localhost].[/]       : Initializing Spring DispatcherServlet 'dispatcherServlet'
2020-05-30 01:51:19.003  INFO 34128 --- [http-nio-8080-exec-2] o.s.web.servlet.DispatcherServlet        : Initializing Servlet 'dispatcherServlet'
2020-05-30 01:51:19.003 DEBUG 34128 --- [http-nio-8080-exec-2] o.s.web.servlet.DispatcherServlet        : Detected StandardServletMultipartResolver
2020-05-30 01:51:19.019 DEBUG 34128 --- [http-nio-8080-exec-2] o.s.web.servlet.DispatcherServlet        : enableLoggingRequestDetails='false': request parameters and headers will be masked to prevent unsafe logging of potentially sensitive data
2020-05-30 01:51:19.020  INFO 34128 --- [http-nio-8080-exec-2] o.s.web.servlet.DispatcherServlet        : Completed initialization in 17 ms
2020-05-30 01:51:19.036 DEBUG 34128 --- [http-nio-8080-exec-2] o.s.web.servlet.DispatcherServlet        : POST "/api/country/state", parameters={}
2020-05-30 01:51:19.055 DEBUG 34128 --- [http-nio-8080-exec-2] o.s.w.s.handler.SimpleUrlHandlerMapping  : Mapped to ResourceHttpRequestHandler ["classpath:/META-INF/resources/", "classpath:/resources/", "classpath:/static/", "classpath:/public/", "/"]
2020-05-30 01:51:19.073 DEBUG 34128 --- [http-nio-8080-exec-2] o.s.w.s.r.ResourceHttpRequestHandler     : Resource not found
2020-05-30 01:51:19.079 DEBUG 34128 --- [http-nio-8080-exec-2] o.s.web.servlet.DispatcherServlet        : Completed 404 NOT_FOUND
2020-05-30 01:51:19.101 DEBUG 34128 --- [http-nio-8080-exec-2] o.s.web.servlet.DispatcherServlet        : "ERROR" dispatch for POST "/error", parameters={}
2020-05-30 01:51:19.106 DEBUG 34128 --- [http-nio-8080-exec-2] s.w.s.m.m.a.RequestMappingHandlerMapping : Mapped to org.springframework.boot.autoconfigure.web.servlet.error.BasicErrorController#error(HttpServletRequest)
2020-05-30 01:51:19.264 DEBUG 34128 --- [http-nio-8080-exec-2] o.s.w.s.m.m.a.HttpEntityMethodProcessor  : Using 'application/json', given [*/*] and supported [application/json, application/*+json, application/json, application/*+json]
2020-05-30 01:51:19.265 DEBUG 34128 --- [http-nio-8080-exec-2] o.s.w.s.m.m.a.HttpEntityMethodProcessor  : Writing [{timestamp=Sat May 30 01:51:19 WAT 2020, status=404, error=Not Found, message=No message available,  (truncated)...]
2020-05-30 01:51:19.461 DEBUG 34128 --- [http-nio-8080-exec-2] o.s.web.servlet.DispatcherServlet        : Exiting from "ERROR" dispatch, status 404
2020-05-30 01:51:29.390 DEBUG 34128 --- [http-nio-8080-exec-3] o.s.web.servlet.DispatcherServlet        : POST "/api/country/state/?id=1", parameters={masked}
2020-05-30 01:51:29.395  WARN 34128 --- [http-nio-8080-exec-3] .w.s.m.s.DefaultHandlerExceptionResolver : Resolved [org.springframework.web.HttpRequestMethodNotSupportedException: Request method 'POST' not supported]
2020-05-30 01:51:29.395 DEBUG 34128 --- [http-nio-8080-exec-3] o.s.web.servlet.DispatcherServlet        : Completed 405 METHOD_NOT_ALLOWED
2020-05-30 01:51:29.396 DEBUG 34128 --- [http-nio-8080-exec-3] o.s.web.servlet.DispatcherServlet        : "ERROR" dispatch for POST "/error?id=1", parameters={masked}
2020-05-30 01:51:29.397 DEBUG 34128 --- [http-nio-8080-exec-3] s.w.s.m.m.a.RequestMappingHandlerMapping : Mapped to org.springframework.boot.autoconfigure.web.servlet.error.BasicErrorController#error(HttpServletRequest)
2020-05-30 01:51:29.400 DEBUG 34128 --- [http-nio-8080-exec-3] o.s.w.s.m.m.a.HttpEntityMethodProcessor  : Using 'application/json', given [*/*] and supported [application/json, application/*+json, application/json, application/*+json]
2020-05-30 01:51:29.401 DEBUG 34128 --- [http-nio-8080-exec-3] o.s.w.s.m.m.a.HttpEntityMethodProcessor  : Writing [{timestamp=Sat May 30 01:51:29 WAT 2020, status=405, error=Method Not Allowed, trace=org.springframe (truncated)...]
2020-05-30 01:51:29.404 DEBUG 34128 --- [http-nio-8080-exec-3] o.s.web.servlet.DispatcherServlet        : Exiting from "ERROR" dispatch, status 405
2020-05-30 01:52:03.792 DEBUG 34128 --- [http-nio-8080-exec-4] o.s.web.servlet.DispatcherServlet        : GET "/api/country/state/?id=1", parameters={masked}
2020-05-30 01:52:03.793 DEBUG 34128 --- [http-nio-8080-exec-4] s.w.s.m.m.a.RequestMappingHandlerMapping : Mapped to com.bucketlist.bucketlistclient.countrylist.CountryListController#getCountry(Long)
2020-05-30 01:52:03.904 DEBUG 34128 --- [http-nio-8080-exec-4] o.s.w.s.m.m.a.HttpEntityMethodProcessor  : Using 'text/plain', given [*/*] and supported [text/plain, */*, text/plain, */*, application/json, application/*+json, application/json, application/*+json]
2020-05-30 01:52:03.904 DEBUG 34128 --- [http-nio-8080-exec-4] o.s.w.s.m.m.a.HttpEntityMethodProcessor  : Writing ["No country with specified id 1 found"]
2020-05-30 01:52:03.907 DEBUG 34128 --- [http-nio-8080-exec-4] o.s.web.servlet.DispatcherServlet        : Completed 400 BAD_REQUEST
2020-05-30 01:52:10.698 DEBUG 34128 --- [http-nio-8080-exec-6] o.s.web.servlet.DispatcherServlet        : GET "/api/country/state/?id=2", parameters={masked}
2020-05-30 01:52:10.698 DEBUG 34128 --- [http-nio-8080-exec-6] s.w.s.m.m.a.RequestMappingHandlerMapping : Mapped to com.bucketlist.bucketlistclient.countrylist.CountryListController#getCountry(Long)
2020-05-30 01:52:10.776 DEBUG 34128 --- [http-nio-8080-exec-6] o.s.w.s.m.m.a.HttpEntityMethodProcessor  : Using 'application/json', given [*/*] and supported [application/json, application/*+json, application/json, application/*+json]
2020-05-30 01:52:10.777 DEBUG 34128 --- [http-nio-8080-exec-6] o.s.w.s.m.m.a.HttpEntityMethodProcessor  : Writing [CountryList{id=2, state='Niger', capital='Minna'}]
2020-05-30 01:52:10.782 DEBUG 34128 --- [http-nio-8080-exec-6] o.s.web.servlet.DispatcherServlet        : Completed 200 OK
2020-05-30 01:52:42.408  INFO 34128 --- [SpringContextShutdownHook] j.LocalContainerEntityManagerFactoryBean : Closing JPA EntityManagerFactory for persistence unit 'default'
2020-05-30 01:52:42.413  INFO 34128 --- [SpringContextShutdownHook] o.s.s.concurrent.ThreadPoolTaskExecutor  : Shutting down ExecutorService 'applicationTaskExecutor'
2020-05-30 01:52:42.417  INFO 34128 --- [SpringContextShutdownHook] com.zaxxer.hikari.HikariDataSource       : HikariPool-1 - Shutdown initiated...
2020-05-30 01:52:42.431  INFO 34128 --- [SpringContextShutdownHook] com.zaxxer.hikari.HikariDataSource       : HikariPool-1 - Shutdown completed.
2020-05-30 01:52:47.925  INFO 34258 --- [restartedMain] c.b.b.BucketlistClientApplication        : Starting BucketlistClientApplication on Umars-MacBook-Pro.local with PID 34258 (/Users/umarsaiduauna/Documents/IntelliJ/Java/SpringBoot/bucketlist-client/target/classes started by umarsaiduauna in /Users/umarsaiduauna/Documents/IntelliJ/Java/SpringBoot/bucketlist-client)
2020-05-30 01:52:47.928  INFO 34258 --- [restartedMain] c.b.b.BucketlistClientApplication        : No active profile set, falling back to default profiles: default
2020-05-30 01:52:47.991  INFO 34258 --- [restartedMain] .e.DevToolsPropertyDefaultsPostProcessor : Devtools property defaults active! Set 'spring.devtools.add-properties' to 'false' to disable
2020-05-30 01:52:48.869  INFO 34258 --- [restartedMain] .s.d.r.c.RepositoryConfigurationDelegate : Bootstrapping Spring Data JPA repositories in DEFERRED mode.
2020-05-30 01:52:48.954  INFO 34258 --- [restartedMain] .s.d.r.c.RepositoryConfigurationDelegate : Finished Spring Data repository scanning in 74ms. Found 2 JPA repository interfaces.
2020-05-30 01:52:49.734  INFO 34258 --- [restartedMain] o.s.b.w.embedded.tomcat.TomcatWebServer  : Tomcat initialized with port(s): 8080 (http)
2020-05-30 01:52:49.748  INFO 34258 --- [restartedMain] o.apache.catalina.core.StandardService   : Starting service [Tomcat]
2020-05-30 01:52:49.749  INFO 34258 --- [restartedMain] org.apache.catalina.core.StandardEngine  : Starting Servlet engine: [Apache Tomcat/9.0.35]
2020-05-30 01:52:49.853  INFO 34258 --- [restartedMain] o.a.c.c.C.[Tomcat].[localhost].[/]       : Initializing Spring embedded WebApplicationContext
2020-05-30 01:52:49.854 DEBUG 34258 --- [restartedMain] o.s.web.context.ContextLoader            : Published root WebApplicationContext as ServletContext attribute with name [org.springframework.web.context.WebApplicationContext.ROOT]
2020-05-30 01:52:49.854  INFO 34258 --- [restartedMain] o.s.web.context.ContextLoader            : Root WebApplicationContext: initialization completed in 1862 ms
2020-05-30 01:52:49.873 DEBUG 34258 --- [restartedMain] o.s.b.w.s.ServletContextInitializerBeans : Mapping filters: characterEncodingFilter urls=[/*] order=-2147483648, formContentFilter urls=[/*] order=-9900, requestContextFilter urls=[/*] order=-105
2020-05-30 01:52:49.874 DEBUG 34258 --- [restartedMain] o.s.b.w.s.ServletContextInitializerBeans : Mapping servlets: dispatcherServlet urls=[/]
2020-05-30 01:52:50.097  INFO 34258 --- [restartedMain] o.s.s.concurrent.ThreadPoolTaskExecutor  : Initializing ExecutorService 'applicationTaskExecutor'
2020-05-30 01:52:50.142  INFO 34258 --- [task-1] o.hibernate.jpa.internal.util.LogHelper  : HHH000204: Processing PersistenceUnitInfo [name: default]
2020-05-30 01:52:50.203  INFO 34258 --- [task-1] org.hibernate.Version                    : HHH000412: Hibernate ORM core version 5.4.15.Final
2020-05-30 01:52:50.209  WARN 34258 --- [restartedMain] JpaBaseConfiguration$JpaWebConfiguration : spring.jpa.open-in-view is enabled by default. Therefore, database queries may be performed during view rendering. Explicitly configure spring.jpa.open-in-view to disable this warning
2020-05-30 01:52:50.379  INFO 34258 --- [task-1] o.hibernate.annotations.common.Version   : HCANN000001: Hibernate Commons Annotations {5.1.0.Final}
2020-05-30 01:52:50.529  INFO 34258 --- [task-1] com.zaxxer.hikari.HikariDataSource       : HikariPool-1 - Starting...
2020-05-30 01:52:51.396  INFO 34258 --- [task-1] com.zaxxer.hikari.HikariDataSource       : HikariPool-1 - Start completed.
2020-05-30 01:52:51.446  INFO 34258 --- [task-1] org.hibernate.dialect.Dialect            : HHH000400: Using dialect: org.hibernate.dialect.MySQL8Dialect
2020-05-30 01:52:52.409  INFO 34258 --- [task-1] o.h.e.t.j.p.i.JtaPlatformInitiator       : HHH000490: Using JtaPlatform implementation: [org.hibernate.engine.transaction.jta.platform.internal.NoJtaPlatform]
2020-05-30 01:52:52.428  INFO 34258 --- [task-1] j.LocalContainerEntityManagerFactoryBean : Initialized JPA EntityManagerFactory for persistence unit 'default'
2020-05-30 01:52:52.911 DEBUG 34258 --- [restartedMain] s.w.s.m.m.a.RequestMappingHandlerAdapter : ControllerAdvice beans: 0 @ModelAttribute, 0 @InitBinder, 1 RequestBodyAdvice, 1 ResponseBodyAdvice
2020-05-30 01:52:52.969 DEBUG 34258 --- [restartedMain] s.w.s.m.m.a.RequestMappingHandlerMapping : 12 mappings in 'requestMappingHandlerMapping'
2020-05-30 01:52:53.005  INFO 34258 --- [task-2] o.s.b.d.a.OptionalLiveReloadServer       : LiveReload server is running on port 35729
2020-05-30 01:52:53.009  INFO 34258 --- [restartedMain] o.s.b.a.w.s.WelcomePageHandlerMapping    : Adding welcome page template: index
2020-05-30 01:52:53.038 DEBUG 34258 --- [restartedMain] o.s.w.s.handler.SimpleUrlHandlerMapping  : Patterns [/webjars/**, /**] in 'resourceHandlerMapping'
2020-05-30 01:52:53.052 DEBUG 34258 --- [restartedMain] .m.m.a.ExceptionHandlerExceptionResolver : ControllerAdvice beans: 0 @ExceptionHandler, 1 ResponseBodyAdvice
2020-05-30 01:52:53.251  INFO 34258 --- [restartedMain] o.s.b.w.embedded.tomcat.TomcatWebServer  : Tomcat started on port(s): 8080 (http) with context path ''
2020-05-30 01:52:53.252  INFO 34258 --- [restartedMain] DeferredRepositoryInitializationListener : Triggering deferred initialization of Spring Data repositories…
2020-05-30 01:52:53.331  INFO 34258 --- [restartedMain] DeferredRepositoryInitializationListener : Spring Data repositories initialized!
2020-05-30 01:52:53.344  INFO 34258 --- [restartedMain] c.b.b.BucketlistClientApplication        : Started BucketlistClientApplication in 5.876 seconds (JVM running for 7.16)
2020-05-30 01:53:06.073  INFO 34258 --- [http-nio-8080-exec-1] o.a.c.c.C.[Tomcat].[localhost].[/]       : Initializing Spring DispatcherServlet 'dispatcherServlet'
2020-05-30 01:53:06.074  INFO 34258 --- [http-nio-8080-exec-1] o.s.web.servlet.DispatcherServlet        : Initializing Servlet 'dispatcherServlet'
2020-05-30 01:53:06.075 DEBUG 34258 --- [http-nio-8080-exec-1] o.s.web.servlet.DispatcherServlet        : Detected StandardServletMultipartResolver
2020-05-30 01:53:06.089 DEBUG 34258 --- [http-nio-8080-exec-1] o.s.web.servlet.DispatcherServlet        : enableLoggingRequestDetails='false': request parameters and headers will be masked to prevent unsafe logging of potentially sensitive data
2020-05-30 01:53:06.089  INFO 34258 --- [http-nio-8080-exec-1] o.s.web.servlet.DispatcherServlet        : Completed initialization in 14 ms
2020-05-30 01:53:06.106 DEBUG 34258 --- [http-nio-8080-exec-1] o.s.web.servlet.DispatcherServlet        : GET "/api/country/state/?id=2", parameters={masked}
2020-05-30 01:53:06.118 DEBUG 34258 --- [http-nio-8080-exec-1] s.w.s.m.m.a.RequestMappingHandlerMapping : Mapped to com.bucketlist.bucketlistclient.countrylist.CountryListController#getCountry(Long)
2020-05-30 01:53:06.167 DEBUG 34258 --- [http-nio-8080-exec-1] .w.s.m.m.a.ServletInvocableHandlerMethod : Could not resolve parameter [0] in public org.springframework.http.ResponseEntity com.bucketlist.bucketlistclient.countrylist.CountryListController.getCountry(java.lang.Long): Required Long parameter 'name' is not present
2020-05-30 01:53:06.173  WARN 34258 --- [http-nio-8080-exec-1] .w.s.m.s.DefaultHandlerExceptionResolver : Resolved [org.springframework.web.bind.MissingServletRequestParameterException: Required Long parameter 'name' is not present]
2020-05-30 01:53:06.175 DEBUG 34258 --- [http-nio-8080-exec-1] o.s.web.servlet.DispatcherServlet        : Completed 400 BAD_REQUEST
2020-05-30 01:53:06.206 DEBUG 34258 --- [http-nio-8080-exec-1] o.s.web.servlet.DispatcherServlet        : "ERROR" dispatch for GET "/error?id=2", parameters={masked}
2020-05-30 01:53:06.213 DEBUG 34258 --- [http-nio-8080-exec-1] s.w.s.m.m.a.RequestMappingHandlerMapping : Mapped to org.springframework.boot.autoconfigure.web.servlet.error.BasicErrorController#error(HttpServletRequest)
2020-05-30 01:53:06.267 DEBUG 34258 --- [http-nio-8080-exec-1] o.s.w.s.m.m.a.HttpEntityMethodProcessor  : Using 'application/json', given [*/*] and supported [application/json, application/*+json, application/json, application/*+json]
2020-05-30 01:53:06.268 DEBUG 34258 --- [http-nio-8080-exec-1] o.s.w.s.m.m.a.HttpEntityMethodProcessor  : Writing [{timestamp=Sat May 30 01:53:06 WAT 2020, status=400, error=Bad Request, trace=org.springframework.we (truncated)...]
2020-05-30 01:53:06.377 DEBUG 34258 --- [http-nio-8080-exec-1] o.s.web.servlet.DispatcherServlet        : Exiting from "ERROR" dispatch, status 400
2020-05-30 01:53:15.728 DEBUG 34258 --- [http-nio-8080-exec-4] o.s.web.servlet.DispatcherServlet        : GET "/api/country/state/?id=niger", parameters={masked}
2020-05-30 01:53:15.729 DEBUG 34258 --- [http-nio-8080-exec-4] s.w.s.m.m.a.RequestMappingHandlerMapping : Mapped to com.bucketlist.bucketlistclient.countrylist.CountryListController#getCountry(Long)
2020-05-30 01:53:15.729 DEBUG 34258 --- [http-nio-8080-exec-4] .w.s.m.m.a.ServletInvocableHandlerMethod : Could not resolve parameter [0] in public org.springframework.http.ResponseEntity com.bucketlist.bucketlistclient.countrylist.CountryListController.getCountry(java.lang.Long): Required Long parameter 'name' is not present
2020-05-30 01:53:15.729  WARN 34258 --- [http-nio-8080-exec-4] .w.s.m.s.DefaultHandlerExceptionResolver : Resolved [org.springframework.web.bind.MissingServletRequestParameterException: Required Long parameter 'name' is not present]
2020-05-30 01:53:15.730 DEBUG 34258 --- [http-nio-8080-exec-4] o.s.web.servlet.DispatcherServlet        : Completed 400 BAD_REQUEST
2020-05-30 01:53:15.730 DEBUG 34258 --- [http-nio-8080-exec-4] o.s.web.servlet.DispatcherServlet        : "ERROR" dispatch for GET "/error?id=niger", parameters={masked}
2020-05-30 01:53:15.731 DEBUG 34258 --- [http-nio-8080-exec-4] s.w.s.m.m.a.RequestMappingHandlerMapping : Mapped to org.springframework.boot.autoconfigure.web.servlet.error.BasicErrorController#error(HttpServletRequest)
2020-05-30 01:53:15.733 DEBUG 34258 --- [http-nio-8080-exec-4] o.s.w.s.m.m.a.HttpEntityMethodProcessor  : Using 'application/json', given [*/*] and supported [application/json, application/*+json, application/json, application/*+json]
2020-05-30 01:53:15.734 DEBUG 34258 --- [http-nio-8080-exec-4] o.s.w.s.m.m.a.HttpEntityMethodProcessor  : Writing [{timestamp=Sat May 30 01:53:15 WAT 2020, status=400, error=Bad Request, trace=org.springframework.we (truncated)...]
2020-05-30 01:53:15.738 DEBUG 34258 --- [http-nio-8080-exec-4] o.s.web.servlet.DispatcherServlet        : Exiting from "ERROR" dispatch, status 400
2020-05-30 01:53:23.858 DEBUG 34258 --- [http-nio-8080-exec-6] o.s.web.servlet.DispatcherServlet        : GET "/api/country/state/?name=niger", parameters={masked}
2020-05-30 01:53:23.859 DEBUG 34258 --- [http-nio-8080-exec-6] s.w.s.m.m.a.RequestMappingHandlerMapping : Mapped to com.bucketlist.bucketlistclient.countrylist.CountryListController#getCountry(Long)
2020-05-30 01:53:23.878 DEBUG 34258 --- [http-nio-8080-exec-6] .w.s.m.m.a.ServletInvocableHandlerMethod : Could not resolve parameter [0] in public org.springframework.http.ResponseEntity com.bucketlist.bucketlistclient.countrylist.CountryListController.getCountry(java.lang.Long): Failed to convert value of type 'java.lang.String' to required type 'java.lang.Long'; nested exception is java.lang.NumberFormatException: For input string: "niger"
2020-05-30 01:53:23.878  WARN 34258 --- [http-nio-8080-exec-6] .w.s.m.s.DefaultHandlerExceptionResolver : Resolved [org.springframework.web.method.annotation.MethodArgumentTypeMismatchException: Failed to convert value of type 'java.lang.String' to required type 'java.lang.Long'; nested exception is java.lang.NumberFormatException: For input string: "niger"]
2020-05-30 01:53:23.878 DEBUG 34258 --- [http-nio-8080-exec-6] o.s.web.servlet.DispatcherServlet        : Completed 400 BAD_REQUEST
2020-05-30 01:53:23.879 DEBUG 34258 --- [http-nio-8080-exec-6] o.s.web.servlet.DispatcherServlet        : "ERROR" dispatch for GET "/error?name=niger", parameters={masked}
2020-05-30 01:53:23.879 DEBUG 34258 --- [http-nio-8080-exec-6] s.w.s.m.m.a.RequestMappingHandlerMapping : Mapped to org.springframework.boot.autoconfigure.web.servlet.error.BasicErrorController#error(HttpServletRequest)
2020-05-30 01:53:23.881 DEBUG 34258 --- [http-nio-8080-exec-6] o.s.w.s.m.m.a.HttpEntityMethodProcessor  : Using 'application/json', given [*/*] and supported [application/json, application/*+json, application/json, application/*+json]
2020-05-30 01:53:23.881 DEBUG 34258 --- [http-nio-8080-exec-6] o.s.w.s.m.m.a.HttpEntityMethodProcessor  : Writing [{timestamp=Sat May 30 01:53:23 WAT 2020, status=400, error=Bad Request, trace=org.springframework.we (truncated)...]
2020-05-30 01:53:23.883 DEBUG 34258 --- [http-nio-8080-exec-6] o.s.web.servlet.DispatcherServlet        : Exiting from "ERROR" dispatch, status 400
2020-05-30 01:54:57.804  INFO 34258 --- [SpringContextShutdownHook] j.LocalContainerEntityManagerFactoryBean : Closing JPA EntityManagerFactory for persistence unit 'default'
2020-05-30 01:54:57.808  INFO 34258 --- [SpringContextShutdownHook] o.s.s.concurrent.ThreadPoolTaskExecutor  : Shutting down ExecutorService 'applicationTaskExecutor'
2020-05-30 01:54:57.811  INFO 34258 --- [SpringContextShutdownHook] com.zaxxer.hikari.HikariDataSource       : HikariPool-1 - Shutdown initiated...
2020-05-30 01:54:57.826  INFO 34258 --- [SpringContextShutdownHook] com.zaxxer.hikari.HikariDataSource       : HikariPool-1 - Shutdown completed.
2020-05-30 01:55:03.344  INFO 34390 --- [restartedMain] c.b.b.BucketlistClientApplication        : Starting BucketlistClientApplication on Umars-MacBook-Pro.local with PID 34390 (/Users/umarsaiduauna/Documents/IntelliJ/Java/SpringBoot/bucketlist-client/target/classes started by umarsaiduauna in /Users/umarsaiduauna/Documents/IntelliJ/Java/SpringBoot/bucketlist-client)
2020-05-30 01:55:03.347  INFO 34390 --- [restartedMain] c.b.b.BucketlistClientApplication        : No active profile set, falling back to default profiles: default
2020-05-30 01:55:03.394  INFO 34390 --- [restartedMain] .e.DevToolsPropertyDefaultsPostProcessor : Devtools property defaults active! Set 'spring.devtools.add-properties' to 'false' to disable
2020-05-30 01:55:04.176  INFO 34390 --- [restartedMain] .s.d.r.c.RepositoryConfigurationDelegate : Bootstrapping Spring Data JPA repositories in DEFERRED mode.
2020-05-30 01:55:04.259  INFO 34390 --- [restartedMain] .s.d.r.c.RepositoryConfigurationDelegate : Finished Spring Data repository scanning in 71ms. Found 2 JPA repository interfaces.
2020-05-30 01:55:05.004  INFO 34390 --- [restartedMain] o.s.b.w.embedded.tomcat.TomcatWebServer  : Tomcat initialized with port(s): 8080 (http)
2020-05-30 01:55:05.020  INFO 34390 --- [restartedMain] o.apache.catalina.core.StandardService   : Starting service [Tomcat]
2020-05-30 01:55:05.020  INFO 34390 --- [restartedMain] org.apache.catalina.core.StandardEngine  : Starting Servlet engine: [Apache Tomcat/9.0.35]
2020-05-30 01:55:05.123  INFO 34390 --- [restartedMain] o.a.c.c.C.[Tomcat].[localhost].[/]       : Initializing Spring embedded WebApplicationContext
2020-05-30 01:55:05.123 DEBUG 34390 --- [restartedMain] o.s.web.context.ContextLoader            : Published root WebApplicationContext as ServletContext attribute with name [org.springframework.web.context.WebApplicationContext.ROOT]
2020-05-30 01:55:05.123  INFO 34390 --- [restartedMain] o.s.web.context.ContextLoader            : Root WebApplicationContext: initialization completed in 1728 ms
2020-05-30 01:55:05.142 DEBUG 34390 --- [restartedMain] o.s.b.w.s.ServletContextInitializerBeans : Mapping filters: characterEncodingFilter urls=[/*] order=-2147483648, formContentFilter urls=[/*] order=-9900, requestContextFilter urls=[/*] order=-105
2020-05-30 01:55:05.143 DEBUG 34390 --- [restartedMain] o.s.b.w.s.ServletContextInitializerBeans : Mapping servlets: dispatcherServlet urls=[/]
2020-05-30 01:55:05.363  INFO 34390 --- [restartedMain] o.s.s.concurrent.ThreadPoolTaskExecutor  : Initializing ExecutorService 'applicationTaskExecutor'
2020-05-30 01:55:05.411  INFO 34390 --- [task-1] o.hibernate.jpa.internal.util.LogHelper  : HHH000204: Processing PersistenceUnitInfo [name: default]
2020-05-30 01:55:05.453  WARN 34390 --- [restartedMain] JpaBaseConfiguration$JpaWebConfiguration : spring.jpa.open-in-view is enabled by default. Therefore, database queries may be performed during view rendering. Explicitly configure spring.jpa.open-in-view to disable this warning
2020-05-30 01:55:05.459  INFO 34390 --- [task-1] org.hibernate.Version                    : HHH000412: Hibernate ORM core version 5.4.15.Final
2020-05-30 01:55:05.604  INFO 34390 --- [task-1] o.hibernate.annotations.common.Version   : HCANN000001: Hibernate Commons Annotations {5.1.0.Final}
2020-05-30 01:55:05.719  INFO 34390 --- [task-1] com.zaxxer.hikari.HikariDataSource       : HikariPool-1 - Starting...
2020-05-30 01:55:06.129  INFO 34390 --- [task-1] com.zaxxer.hikari.HikariDataSource       : HikariPool-1 - Start completed.
2020-05-30 01:55:06.149  INFO 34390 --- [task-1] org.hibernate.dialect.Dialect            : HHH000400: Using dialect: org.hibernate.dialect.MySQL8Dialect
2020-05-30 01:55:06.829  INFO 34390 --- [task-1] o.h.e.t.j.p.i.JtaPlatformInitiator       : HHH000490: Using JtaPlatform implementation: [org.hibernate.engine.transaction.jta.platform.internal.NoJtaPlatform]
2020-05-30 01:55:06.837  INFO 34390 --- [task-1] j.LocalContainerEntityManagerFactoryBean : Initialized JPA EntityManagerFactory for persistence unit 'default'
2020-05-30 01:55:07.093 DEBUG 34390 --- [restartedMain] s.w.s.m.m.a.RequestMappingHandlerAdapter : ControllerAdvice beans: 0 @ModelAttribute, 0 @InitBinder, 1 RequestBodyAdvice, 1 ResponseBodyAdvice
2020-05-30 01:55:07.151  INFO 34390 --- [task-2] o.s.b.d.a.OptionalLiveReloadServer       : LiveReload server is running on port 35729
2020-05-30 01:55:07.190 DEBUG 34390 --- [restartedMain] s.w.s.m.m.a.RequestMappingHandlerMapping : 12 mappings in 'requestMappingHandlerMapping'
2020-05-30 01:55:07.199  INFO 34390 --- [restartedMain] o.s.b.a.w.s.WelcomePageHandlerMapping    : Adding welcome page template: index
2020-05-30 01:55:07.227 DEBUG 34390 --- [restartedMain] o.s.w.s.handler.SimpleUrlHandlerMapping  : Patterns [/webjars/**, /**] in 'resourceHandlerMapping'
2020-05-30 01:55:07.238 DEBUG 34390 --- [restartedMain] .m.m.a.ExceptionHandlerExceptionResolver : ControllerAdvice beans: 0 @ExceptionHandler, 1 ResponseBodyAdvice
2020-05-30 01:55:07.439  INFO 34390 --- [restartedMain] o.s.b.w.embedded.tomcat.TomcatWebServer  : Tomcat started on port(s): 8080 (http) with context path ''
2020-05-30 01:55:07.441  INFO 34390 --- [restartedMain] DeferredRepositoryInitializationListener : Triggering deferred initialization of Spring Data repositories…
2020-05-30 01:55:07.521  INFO 34390 --- [restartedMain] DeferredRepositoryInitializationListener : Spring Data repositories initialized!
2020-05-30 01:55:07.534  INFO 34390 --- [restartedMain] c.b.b.BucketlistClientApplication        : Started BucketlistClientApplication in 4.59 seconds (JVM running for 5.852)
2020-05-30 01:55:21.016  INFO 34390 --- [http-nio-8080-exec-2] o.a.c.c.C.[Tomcat].[localhost].[/]       : Initializing Spring DispatcherServlet 'dispatcherServlet'
2020-05-30 01:55:21.018  INFO 34390 --- [http-nio-8080-exec-2] o.s.web.servlet.DispatcherServlet        : Initializing Servlet 'dispatcherServlet'
2020-05-30 01:55:21.022 DEBUG 34390 --- [http-nio-8080-exec-2] o.s.web.servlet.DispatcherServlet        : Detected StandardServletMultipartResolver
2020-05-30 01:55:21.047 DEBUG 34390 --- [http-nio-8080-exec-2] o.s.web.servlet.DispatcherServlet        : enableLoggingRequestDetails='false': request parameters and headers will be masked to prevent unsafe logging of potentially sensitive data
2020-05-30 01:55:21.048  INFO 34390 --- [http-nio-8080-exec-2] o.s.web.servlet.DispatcherServlet        : Completed initialization in 29 ms
2020-05-30 01:55:21.075 DEBUG 34390 --- [http-nio-8080-exec-2] o.s.web.servlet.DispatcherServlet        : GET "/api/country/state/?name=niger", parameters={masked}
2020-05-30 01:55:21.084 DEBUG 34390 --- [http-nio-8080-exec-2] s.w.s.m.m.a.RequestMappingHandlerMapping : Mapped to com.bucketlist.bucketlistclient.countrylist.CountryListController#getCountry(String)
2020-05-30 01:55:21.196 DEBUG 34390 --- [http-nio-8080-exec-2] o.s.web.servlet.DispatcherServlet        : Failed to complete request: java.lang.NumberFormatException: For input string: "niger"
2020-05-30 01:55:21.221 ERROR 34390 --- [http-nio-8080-exec-2] o.a.c.c.C.[.[.[/].[dispatcherServlet]    : Servlet.service() for servlet [dispatcherServlet] in context with path [] threw exception [Request processing failed; nested exception is java.lang.NumberFormatException: For input string: "niger"] with root cause

java.lang.NumberFormatException: For input string: "niger"
	at java.base/java.lang.NumberFormatException.forInputString(NumberFormatException.java:65) ~[na:na]
	at java.base/java.lang.Long.parseLong(Long.java:692) ~[na:na]
	at java.base/java.lang.Long.valueOf(Long.java:1144) ~[na:na]
	at com.bucketlist.bucketlistclient.countrylist.CountryListController.getCountry(CountryListController.java:25) ~[classes/:na]
	at java.base/jdk.internal.reflect.NativeMethodAccessorImpl.invoke0(Native Method) ~[na:na]
	at java.base/jdk.internal.reflect.NativeMethodAccessorImpl.invoke(NativeMethodAccessorImpl.java:62) ~[na:na]
	at java.base/jdk.internal.reflect.DelegatingMethodAccessorImpl.invoke(DelegatingMethodAccessorImpl.java:43) ~[na:na]
	at java.base/java.lang.reflect.Method.invoke(Method.java:566) ~[na:na]
	at org.springframework.web.method.support.InvocableHandlerMethod.doInvoke(InvocableHandlerMethod.java:190) ~[spring-web-5.2.6.RELEASE.jar:5.2.6.RELEASE]
	at org.springframework.web.method.support.InvocableHandlerMethod.invokeForRequest(InvocableHandlerMethod.java:138) ~[spring-web-5.2.6.RELEASE.jar:5.2.6.RELEASE]
	at org.springframework.web.servlet.mvc.method.annotation.ServletInvocableHandlerMethod.invokeAndHandle(ServletInvocableHandlerMethod.java:105) ~[spring-webmvc-5.2.6.RELEASE.jar:5.2.6.RELEASE]
	at org.springframework.web.servlet.mvc.method.annotation.RequestMappingHandlerAdapter.invokeHandlerMethod(RequestMappingHandlerAdapter.java:879) ~[spring-webmvc-5.2.6.RELEASE.jar:5.2.6.RELEASE]
	at org.springframework.web.servlet.mvc.method.annotation.RequestMappingHandlerAdapter.handleInternal(RequestMappingHandlerAdapter.java:793) ~[spring-webmvc-5.2.6.RELEASE.jar:5.2.6.RELEASE]
	at org.springframework.web.servlet.mvc.method.AbstractHandlerMethodAdapter.handle(AbstractHandlerMethodAdapter.java:87) ~[spring-webmvc-5.2.6.RELEASE.jar:5.2.6.RELEASE]
	at org.springframework.web.servlet.DispatcherServlet.doDispatch(DispatcherServlet.java:1040) ~[spring-webmvc-5.2.6.RELEASE.jar:5.2.6.RELEASE]
	at org.springframework.web.servlet.DispatcherServlet.doService(DispatcherServlet.java:943) ~[spring-webmvc-5.2.6.RELEASE.jar:5.2.6.RELEASE]
	at org.springframework.web.servlet.FrameworkServlet.processRequest(FrameworkServlet.java:1006) ~[spring-webmvc-5.2.6.RELEASE.jar:5.2.6.RELEASE]
	at org.springframework.web.servlet.FrameworkServlet.doGet(FrameworkServlet.java:898) ~[spring-webmvc-5.2.6.RELEASE.jar:5.2.6.RELEASE]
	at javax.servlet.http.HttpServlet.service(HttpServlet.java:634) ~[tomcat-embed-core-9.0.35.jar:9.0.35]
	at org.springframework.web.servlet.FrameworkServlet.service(FrameworkServlet.java:883) ~[spring-webmvc-5.2.6.RELEASE.jar:5.2.6.RELEASE]
	at javax.servlet.http.HttpServlet.service(HttpServlet.java:741) ~[tomcat-embed-core-9.0.35.jar:9.0.35]
	at org.apache.catalina.core.ApplicationFilterChain.internalDoFilter(ApplicationFilterChain.java:231) ~[tomcat-embed-core-9.0.35.jar:9.0.35]
	at org.apache.catalina.core.ApplicationFilterChain.doFilter(ApplicationFilterChain.java:166) ~[tomcat-embed-core-9.0.35.jar:9.0.35]
	at org.apache.tomcat.websocket.server.WsFilter.doFilter(WsFilter.java:53) ~[tomcat-embed-websocket-9.0.35.jar:9.0.35]
	at org.apache.catalina.core.ApplicationFilterChain.internalDoFilter(ApplicationFilterChain.java:193) ~[tomcat-embed-core-9.0.35.jar:9.0.35]
	at org.apache.catalina.core.ApplicationFilterChain.doFilter(ApplicationFilterChain.java:166) ~[tomcat-embed-core-9.0.35.jar:9.0.35]
	at org.springframework.web.filter.RequestContextFilter.doFilterInternal(RequestContextFilter.java:100) ~[spring-web-5.2.6.RELEASE.jar:5.2.6.RELEASE]
	at org.springframework.web.filter.OncePerRequestFilter.doFilter(OncePerRequestFilter.java:119) ~[spring-web-5.2.6.RELEASE.jar:5.2.6.RELEASE]
	at org.apache.catalina.core.ApplicationFilterChain.internalDoFilter(ApplicationFilterChain.java:193) ~[tomcat-embed-core-9.0.35.jar:9.0.35]
	at org.apache.catalina.core.ApplicationFilterChain.doFilter(ApplicationFilterChain.java:166) ~[tomcat-embed-core-9.0.35.jar:9.0.35]
	at org.springframework.web.filter.FormContentFilter.doFilterInternal(FormContentFilter.java:93) ~[spring-web-5.2.6.RELEASE.jar:5.2.6.RELEASE]
	at org.springframework.web.filter.OncePerRequestFilter.doFilter(OncePerRequestFilter.java:119) ~[spring-web-5.2.6.RELEASE.jar:5.2.6.RELEASE]
	at org.apache.catalina.core.ApplicationFilterChain.internalDoFilter(ApplicationFilterChain.java:193) ~[tomcat-embed-core-9.0.35.jar:9.0.35]
	at org.apache.catalina.core.ApplicationFilterChain.doFilter(ApplicationFilterChain.java:166) ~[tomcat-embed-core-9.0.35.jar:9.0.35]
	at org.springframework.web.filter.CharacterEncodingFilter.doFilterInternal(CharacterEncodingFilter.java:201) ~[spring-web-5.2.6.RELEASE.jar:5.2.6.RELEASE]
	at org.springframework.web.filter.OncePerRequestFilter.doFilter(OncePerRequestFilter.java:119) ~[spring-web-5.2.6.RELEASE.jar:5.2.6.RELEASE]
	at org.apache.catalina.core.ApplicationFilterChain.internalDoFilter(ApplicationFilterChain.java:193) ~[tomcat-embed-core-9.0.35.jar:9.0.35]
	at org.apache.catalina.core.ApplicationFilterChain.doFilter(ApplicationFilterChain.java:166) ~[tomcat-embed-core-9.0.35.jar:9.0.35]
	at org.apache.catalina.core.StandardWrapperValve.invoke(StandardWrapperValve.java:202) ~[tomcat-embed-core-9.0.35.jar:9.0.35]
	at org.apache.catalina.core.StandardContextValve.invoke(StandardContextValve.java:96) ~[tomcat-embed-core-9.0.35.jar:9.0.35]
	at org.apache.catalina.authenticator.AuthenticatorBase.invoke(AuthenticatorBase.java:541) ~[tomcat-embed-core-9.0.35.jar:9.0.35]
	at org.apache.catalina.core.StandardHostValve.invoke(StandardHostValve.java:139) ~[tomcat-embed-core-9.0.35.jar:9.0.35]
	at org.apache.catalina.valves.ErrorReportValve.invoke(ErrorReportValve.java:92) ~[tomcat-embed-core-9.0.35.jar:9.0.35]
	at org.apache.catalina.core.StandardEngineValve.invoke(StandardEngineValve.java:74) ~[tomcat-embed-core-9.0.35.jar:9.0.35]
	at org.apache.catalina.connector.CoyoteAdapter.service(CoyoteAdapter.java:343) ~[tomcat-embed-core-9.0.35.jar:9.0.35]
	at org.apache.coyote.http11.Http11Processor.service(Http11Processor.java:373) ~[tomcat-embed-core-9.0.35.jar:9.0.35]
	at org.apache.coyote.AbstractProcessorLight.process(AbstractProcessorLight.java:65) ~[tomcat-embed-core-9.0.35.jar:9.0.35]
	at org.apache.coyote.AbstractProtocol$ConnectionHandler.process(AbstractProtocol.java:868) ~[tomcat-embed-core-9.0.35.jar:9.0.35]
	at org.apache.tomcat.util.net.NioEndpoint$SocketProcessor.doRun(NioEndpoint.java:1590) ~[tomcat-embed-core-9.0.35.jar:9.0.35]
	at org.apache.tomcat.util.net.SocketProcessorBase.run(SocketProcessorBase.java:49) ~[tomcat-embed-core-9.0.35.jar:9.0.35]
	at java.base/java.util.concurrent.ThreadPoolExecutor.runWorker(ThreadPoolExecutor.java:1128) ~[na:na]
	at java.base/java.util.concurrent.ThreadPoolExecutor$Worker.run(ThreadPoolExecutor.java:628) ~[na:na]
	at org.apache.tomcat.util.threads.TaskThread$WrappingRunnable.run(TaskThread.java:61) ~[tomcat-embed-core-9.0.35.jar:9.0.35]
	at java.base/java.lang.Thread.run(Thread.java:834) ~[na:na]

2020-05-30 01:55:21.237 DEBUG 34390 --- [http-nio-8080-exec-2] o.s.web.servlet.DispatcherServlet        : "ERROR" dispatch for GET "/error?name=niger", parameters={masked}
2020-05-30 01:55:21.245 DEBUG 34390 --- [http-nio-8080-exec-2] s.w.s.m.m.a.RequestMappingHandlerMapping : Mapped to org.springframework.boot.autoconfigure.web.servlet.error.BasicErrorController#error(HttpServletRequest)
2020-05-30 01:55:21.325 DEBUG 34390 --- [http-nio-8080-exec-2] o.s.w.s.m.m.a.HttpEntityMethodProcessor  : Using 'application/json', given [*/*] and supported [application/json, application/*+json, application/json, application/*+json]
2020-05-30 01:55:21.328 DEBUG 34390 --- [http-nio-8080-exec-2] o.s.w.s.m.m.a.HttpEntityMethodProcessor  : Writing [{timestamp=Sat May 30 01:55:21 WAT 2020, status=500, error=Internal Server Error, trace=java.lang.Nu (truncated)...]
2020-05-30 01:55:21.437 DEBUG 34390 --- [http-nio-8080-exec-2] o.s.web.servlet.DispatcherServlet        : Exiting from "ERROR" dispatch, status 500
2020-05-30 01:55:41.323 DEBUG 34390 --- [http-nio-8080-exec-4] o.s.web.servlet.DispatcherServlet        : GET "/api/country/state/", parameters={}
2020-05-30 01:55:41.324 DEBUG 34390 --- [http-nio-8080-exec-4] s.w.s.m.m.a.RequestMappingHandlerMapping : Mapped to com.bucketlist.bucketlistclient.countrylist.CountryListController#getCountry(String)
2020-05-30 01:55:41.325 DEBUG 34390 --- [http-nio-8080-exec-4] .w.s.m.m.a.ServletInvocableHandlerMethod : Could not resolve parameter [0] in public org.springframework.http.ResponseEntity com.bucketlist.bucketlistclient.countrylist.CountryListController.getCountry(java.lang.String): Required String parameter 'name' is not present
2020-05-30 01:55:41.326  WARN 34390 --- [http-nio-8080-exec-4] .w.s.m.s.DefaultHandlerExceptionResolver : Resolved [org.springframework.web.bind.MissingServletRequestParameterException: Required String parameter 'name' is not present]
2020-05-30 01:55:41.326 DEBUG 34390 --- [http-nio-8080-exec-4] o.s.web.servlet.DispatcherServlet        : Completed 400 BAD_REQUEST
2020-05-30 01:55:41.327 DEBUG 34390 --- [http-nio-8080-exec-4] o.s.web.servlet.DispatcherServlet        : "ERROR" dispatch for GET "/error", parameters={}
2020-05-30 01:55:41.328 DEBUG 34390 --- [http-nio-8080-exec-4] s.w.s.m.m.a.RequestMappingHandlerMapping : Mapped to org.springframework.boot.autoconfigure.web.servlet.error.BasicErrorController#error(HttpServletRequest)
2020-05-30 01:55:41.334 DEBUG 34390 --- [http-nio-8080-exec-4] o.s.w.s.m.m.a.HttpEntityMethodProcessor  : Using 'application/json', given [*/*] and supported [application/json, application/*+json, application/json, application/*+json]
2020-05-30 01:55:41.334 DEBUG 34390 --- [http-nio-8080-exec-4] o.s.w.s.m.m.a.HttpEntityMethodProcessor  : Writing [{timestamp=Sat May 30 01:55:41 WAT 2020, status=400, error=Bad Request, trace=org.springframework.we (truncated)...]
2020-05-30 01:55:41.337 DEBUG 34390 --- [http-nio-8080-exec-4] o.s.web.servlet.DispatcherServlet        : Exiting from "ERROR" dispatch, status 400
2020-05-30 01:55:46.163 DEBUG 34390 --- [http-nio-8080-exec-5] o.s.web.servlet.DispatcherServlet        : GET "/api/country/", parameters={}
2020-05-30 01:55:46.164 DEBUG 34390 --- [http-nio-8080-exec-5] s.w.s.m.m.a.RequestMappingHandlerMapping : Mapped to com.bucketlist.bucketlistclient.countrylist.CountryListController#index()
2020-05-30 01:55:46.501 DEBUG 34390 --- [http-nio-8080-exec-5] o.s.w.s.m.m.a.HttpEntityMethodProcessor  : Using 'application/json', given [*/*] and supported [application/json, application/*+json, application/json, application/*+json]
2020-05-30 01:55:46.502 DEBUG 34390 --- [http-nio-8080-exec-5] o.s.w.s.m.m.a.HttpEntityMethodProcessor  : Writing [[CountryList{id=2, state='Niger', capital='Minna'}, CountryList{id=3, state='Jigawa', capital='Dutse (truncated)...]
2020-05-30 01:55:46.527 DEBUG 34390 --- [http-nio-8080-exec-5] o.s.web.servlet.DispatcherServlet        : Completed 200 OK
2020-05-30 01:57:51.459  INFO 34390 --- [SpringContextShutdownHook] j.LocalContainerEntityManagerFactoryBean : Closing JPA EntityManagerFactory for persistence unit 'default'
2020-05-30 01:57:51.464  INFO 34390 --- [SpringContextShutdownHook] o.s.s.concurrent.ThreadPoolTaskExecutor  : Shutting down ExecutorService 'applicationTaskExecutor'
2020-05-30 01:57:51.469  INFO 34390 --- [SpringContextShutdownHook] com.zaxxer.hikari.HikariDataSource       : HikariPool-1 - Shutdown initiated...
2020-05-30 01:57:51.484  INFO 34390 --- [SpringContextShutdownHook] com.zaxxer.hikari.HikariDataSource       : HikariPool-1 - Shutdown completed.
2020-05-30 01:57:57.041  INFO 34551 --- [restartedMain] c.b.b.BucketlistClientApplication        : Starting BucketlistClientApplication on Umars-MacBook-Pro.local with PID 34551 (/Users/umarsaiduauna/Documents/IntelliJ/Java/SpringBoot/bucketlist-client/target/classes started by umarsaiduauna in /Users/umarsaiduauna/Documents/IntelliJ/Java/SpringBoot/bucketlist-client)
2020-05-30 01:57:57.045  INFO 34551 --- [restartedMain] c.b.b.BucketlistClientApplication        : No active profile set, falling back to default profiles: default
2020-05-30 01:57:57.103  INFO 34551 --- [restartedMain] .e.DevToolsPropertyDefaultsPostProcessor : Devtools property defaults active! Set 'spring.devtools.add-properties' to 'false' to disable
2020-05-30 01:57:57.905  INFO 34551 --- [restartedMain] .s.d.r.c.RepositoryConfigurationDelegate : Bootstrapping Spring Data JPA repositories in DEFERRED mode.
2020-05-30 01:57:57.984  INFO 34551 --- [restartedMain] .s.d.r.c.RepositoryConfigurationDelegate : Finished Spring Data repository scanning in 66ms. Found 2 JPA repository interfaces.
2020-05-30 01:57:58.621  INFO 34551 --- [restartedMain] o.s.b.w.embedded.tomcat.TomcatWebServer  : Tomcat initialized with port(s): 8080 (http)
2020-05-30 01:57:58.636  INFO 34551 --- [restartedMain] o.apache.catalina.core.StandardService   : Starting service [Tomcat]
2020-05-30 01:57:58.636  INFO 34551 --- [restartedMain] org.apache.catalina.core.StandardEngine  : Starting Servlet engine: [Apache Tomcat/9.0.35]
2020-05-30 01:57:58.737  INFO 34551 --- [restartedMain] o.a.c.c.C.[Tomcat].[localhost].[/]       : Initializing Spring embedded WebApplicationContext
2020-05-30 01:57:58.737 DEBUG 34551 --- [restartedMain] o.s.web.context.ContextLoader            : Published root WebApplicationContext as ServletContext attribute with name [org.springframework.web.context.WebApplicationContext.ROOT]
2020-05-30 01:57:58.737  INFO 34551 --- [restartedMain] o.s.web.context.ContextLoader            : Root WebApplicationContext: initialization completed in 1634 ms
2020-05-30 01:57:58.755 DEBUG 34551 --- [restartedMain] o.s.b.w.s.ServletContextInitializerBeans : Mapping filters: characterEncodingFilter urls=[/*] order=-2147483648, formContentFilter urls=[/*] order=-9900, requestContextFilter urls=[/*] order=-105
2020-05-30 01:57:58.756 DEBUG 34551 --- [restartedMain] o.s.b.w.s.ServletContextInitializerBeans : Mapping servlets: dispatcherServlet urls=[/]
2020-05-30 01:57:58.955  INFO 34551 --- [restartedMain] o.s.s.concurrent.ThreadPoolTaskExecutor  : Initializing ExecutorService 'applicationTaskExecutor'
2020-05-30 01:57:59.003  INFO 34551 --- [task-1] o.hibernate.jpa.internal.util.LogHelper  : HHH000204: Processing PersistenceUnitInfo [name: default]
2020-05-30 01:57:59.050  WARN 34551 --- [restartedMain] JpaBaseConfiguration$JpaWebConfiguration : spring.jpa.open-in-view is enabled by default. Therefore, database queries may be performed during view rendering. Explicitly configure spring.jpa.open-in-view to disable this warning
2020-05-30 01:57:59.052  INFO 34551 --- [task-1] org.hibernate.Version                    : HHH000412: Hibernate ORM core version 5.4.15.Final
2020-05-30 01:57:59.204  INFO 34551 --- [task-1] o.hibernate.annotations.common.Version   : HCANN000001: Hibernate Commons Annotations {5.1.0.Final}
2020-05-30 01:57:59.307  INFO 34551 --- [task-1] com.zaxxer.hikari.HikariDataSource       : HikariPool-1 - Starting...
2020-05-30 01:57:59.715  INFO 34551 --- [task-1] com.zaxxer.hikari.HikariDataSource       : HikariPool-1 - Start completed.
2020-05-30 01:57:59.735  INFO 34551 --- [task-1] org.hibernate.dialect.Dialect            : HHH000400: Using dialect: org.hibernate.dialect.MySQL8Dialect
2020-05-30 01:58:00.393  INFO 34551 --- [task-1] o.h.e.t.j.p.i.JtaPlatformInitiator       : HHH000490: Using JtaPlatform implementation: [org.hibernate.engine.transaction.jta.platform.internal.NoJtaPlatform]
2020-05-30 01:58:00.400  INFO 34551 --- [task-1] j.LocalContainerEntityManagerFactoryBean : Initialized JPA EntityManagerFactory for persistence unit 'default'
2020-05-30 01:58:00.668 DEBUG 34551 --- [restartedMain] s.w.s.m.m.a.RequestMappingHandlerAdapter : ControllerAdvice beans: 0 @ModelAttribute, 0 @InitBinder, 1 RequestBodyAdvice, 1 ResponseBodyAdvice
2020-05-30 01:58:00.726  INFO 34551 --- [task-2] o.s.b.d.a.OptionalLiveReloadServer       : LiveReload server is running on port 35729
2020-05-30 01:58:00.762 DEBUG 34551 --- [restartedMain] s.w.s.m.m.a.RequestMappingHandlerMapping : 12 mappings in 'requestMappingHandlerMapping'
2020-05-30 01:58:00.767  INFO 34551 --- [restartedMain] o.s.b.a.w.s.WelcomePageHandlerMapping    : Adding welcome page template: index
2020-05-30 01:58:00.794 DEBUG 34551 --- [restartedMain] o.s.w.s.handler.SimpleUrlHandlerMapping  : Patterns [/webjars/**, /**] in 'resourceHandlerMapping'
2020-05-30 01:58:00.805 DEBUG 34551 --- [restartedMain] .m.m.a.ExceptionHandlerExceptionResolver : ControllerAdvice beans: 0 @ExceptionHandler, 1 ResponseBodyAdvice
2020-05-30 01:58:00.994  INFO 34551 --- [restartedMain] o.s.b.w.embedded.tomcat.TomcatWebServer  : Tomcat started on port(s): 8080 (http) with context path ''
2020-05-30 01:58:00.996  INFO 34551 --- [restartedMain] DeferredRepositoryInitializationListener : Triggering deferred initialization of Spring Data repositories…
2020-05-30 01:58:01.074  INFO 34551 --- [restartedMain] DeferredRepositoryInitializationListener : Spring Data repositories initialized!
2020-05-30 01:58:01.086  INFO 34551 --- [restartedMain] c.b.b.BucketlistClientApplication        : Started BucketlistClientApplication in 4.469 seconds (JVM running for 5.7)
2020-05-30 01:58:14.449  INFO 34551 --- [http-nio-8080-exec-2] o.a.c.c.C.[Tomcat].[localhost].[/]       : Initializing Spring DispatcherServlet 'dispatcherServlet'
2020-05-30 01:58:14.450  INFO 34551 --- [http-nio-8080-exec-2] o.s.web.servlet.DispatcherServlet        : Initializing Servlet 'dispatcherServlet'
2020-05-30 01:58:14.451 DEBUG 34551 --- [http-nio-8080-exec-2] o.s.web.servlet.DispatcherServlet        : Detected StandardServletMultipartResolver
2020-05-30 01:58:14.468 DEBUG 34551 --- [http-nio-8080-exec-2] o.s.web.servlet.DispatcherServlet        : enableLoggingRequestDetails='false': request parameters and headers will be masked to prevent unsafe logging of potentially sensitive data
2020-05-30 01:58:14.468  INFO 34551 --- [http-nio-8080-exec-2] o.s.web.servlet.DispatcherServlet        : Completed initialization in 17 ms
2020-05-30 01:58:14.487 DEBUG 34551 --- [http-nio-8080-exec-2] o.s.web.servlet.DispatcherServlet        : GET "/api/country/state/?state=Niger", parameters={masked}
2020-05-30 01:58:14.495 DEBUG 34551 --- [http-nio-8080-exec-2] s.w.s.m.m.a.RequestMappingHandlerMapping : Mapped to com.bucketlist.bucketlistclient.countrylist.CountryListController#getCountry(String)
2020-05-30 01:58:14.566 DEBUG 34551 --- [http-nio-8080-exec-2] o.s.web.servlet.DispatcherServlet        : Failed to complete request: java.lang.NumberFormatException: For input string: "Niger"
2020-05-30 01:58:14.585 ERROR 34551 --- [http-nio-8080-exec-2] o.a.c.c.C.[.[.[/].[dispatcherServlet]    : Servlet.service() for servlet [dispatcherServlet] in context with path [] threw exception [Request processing failed; nested exception is java.lang.NumberFormatException: For input string: "Niger"] with root cause

java.lang.NumberFormatException: For input string: "Niger"
	at java.base/java.lang.NumberFormatException.forInputString(NumberFormatException.java:65) ~[na:na]
	at java.base/java.lang.Long.parseLong(Long.java:692) ~[na:na]
	at java.base/java.lang.Long.valueOf(Long.java:1144) ~[na:na]
	at com.bucketlist.bucketlistclient.countrylist.CountryListController.getCountry(CountryListController.java:25) ~[classes/:na]
	at java.base/jdk.internal.reflect.NativeMethodAccessorImpl.invoke0(Native Method) ~[na:na]
	at java.base/jdk.internal.reflect.NativeMethodAccessorImpl.invoke(NativeMethodAccessorImpl.java:62) ~[na:na]
	at java.base/jdk.internal.reflect.DelegatingMethodAccessorImpl.invoke(DelegatingMethodAccessorImpl.java:43) ~[na:na]
	at java.base/java.lang.reflect.Method.invoke(Method.java:566) ~[na:na]
	at org.springframework.web.method.support.InvocableHandlerMethod.doInvoke(InvocableHandlerMethod.java:190) ~[spring-web-5.2.6.RELEASE.jar:5.2.6.RELEASE]
	at org.springframework.web.method.support.InvocableHandlerMethod.invokeForRequest(InvocableHandlerMethod.java:138) ~[spring-web-5.2.6.RELEASE.jar:5.2.6.RELEASE]
	at org.springframework.web.servlet.mvc.method.annotation.ServletInvocableHandlerMethod.invokeAndHandle(ServletInvocableHandlerMethod.java:105) ~[spring-webmvc-5.2.6.RELEASE.jar:5.2.6.RELEASE]
	at org.springframework.web.servlet.mvc.method.annotation.RequestMappingHandlerAdapter.invokeHandlerMethod(RequestMappingHandlerAdapter.java:879) ~[spring-webmvc-5.2.6.RELEASE.jar:5.2.6.RELEASE]
	at org.springframework.web.servlet.mvc.method.annotation.RequestMappingHandlerAdapter.handleInternal(RequestMappingHandlerAdapter.java:793) ~[spring-webmvc-5.2.6.RELEASE.jar:5.2.6.RELEASE]
	at org.springframework.web.servlet.mvc.method.AbstractHandlerMethodAdapter.handle(AbstractHandlerMethodAdapter.java:87) ~[spring-webmvc-5.2.6.RELEASE.jar:5.2.6.RELEASE]
	at org.springframework.web.servlet.DispatcherServlet.doDispatch(DispatcherServlet.java:1040) ~[spring-webmvc-5.2.6.RELEASE.jar:5.2.6.RELEASE]
	at org.springframework.web.servlet.DispatcherServlet.doService(DispatcherServlet.java:943) ~[spring-webmvc-5.2.6.RELEASE.jar:5.2.6.RELEASE]
	at org.springframework.web.servlet.FrameworkServlet.processRequest(FrameworkServlet.java:1006) ~[spring-webmvc-5.2.6.RELEASE.jar:5.2.6.RELEASE]
	at org.springframework.web.servlet.FrameworkServlet.doGet(FrameworkServlet.java:898) ~[spring-webmvc-5.2.6.RELEASE.jar:5.2.6.RELEASE]
	at javax.servlet.http.HttpServlet.service(HttpServlet.java:634) ~[tomcat-embed-core-9.0.35.jar:9.0.35]
	at org.springframework.web.servlet.FrameworkServlet.service(FrameworkServlet.java:883) ~[spring-webmvc-5.2.6.RELEASE.jar:5.2.6.RELEASE]
	at javax.servlet.http.HttpServlet.service(HttpServlet.java:741) ~[tomcat-embed-core-9.0.35.jar:9.0.35]
	at org.apache.catalina.core.ApplicationFilterChain.internalDoFilter(ApplicationFilterChain.java:231) ~[tomcat-embed-core-9.0.35.jar:9.0.35]
	at org.apache.catalina.core.ApplicationFilterChain.doFilter(ApplicationFilterChain.java:166) ~[tomcat-embed-core-9.0.35.jar:9.0.35]
	at org.apache.tomcat.websocket.server.WsFilter.doFilter(WsFilter.java:53) ~[tomcat-embed-websocket-9.0.35.jar:9.0.35]
	at org.apache.catalina.core.ApplicationFilterChain.internalDoFilter(ApplicationFilterChain.java:193) ~[tomcat-embed-core-9.0.35.jar:9.0.35]
	at org.apache.catalina.core.ApplicationFilterChain.doFilter(ApplicationFilterChain.java:166) ~[tomcat-embed-core-9.0.35.jar:9.0.35]
	at org.springframework.web.filter.RequestContextFilter.doFilterInternal(RequestContextFilter.java:100) ~[spring-web-5.2.6.RELEASE.jar:5.2.6.RELEASE]
	at org.springframework.web.filter.OncePerRequestFilter.doFilter(OncePerRequestFilter.java:119) ~[spring-web-5.2.6.RELEASE.jar:5.2.6.RELEASE]
	at org.apache.catalina.core.ApplicationFilterChain.internalDoFilter(ApplicationFilterChain.java:193) ~[tomcat-embed-core-9.0.35.jar:9.0.35]
	at org.apache.catalina.core.ApplicationFilterChain.doFilter(ApplicationFilterChain.java:166) ~[tomcat-embed-core-9.0.35.jar:9.0.35]
	at org.springframework.web.filter.FormContentFilter.doFilterInternal(FormContentFilter.java:93) ~[spring-web-5.2.6.RELEASE.jar:5.2.6.RELEASE]
	at org.springframework.web.filter.OncePerRequestFilter.doFilter(OncePerRequestFilter.java:119) ~[spring-web-5.2.6.RELEASE.jar:5.2.6.RELEASE]
	at org.apache.catalina.core.ApplicationFilterChain.internalDoFilter(ApplicationFilterChain.java:193) ~[tomcat-embed-core-9.0.35.jar:9.0.35]
	at org.apache.catalina.core.ApplicationFilterChain.doFilter(ApplicationFilterChain.java:166) ~[tomcat-embed-core-9.0.35.jar:9.0.35]
	at org.springframework.web.filter.CharacterEncodingFilter.doFilterInternal(CharacterEncodingFilter.java:201) ~[spring-web-5.2.6.RELEASE.jar:5.2.6.RELEASE]
	at org.springframework.web.filter.OncePerRequestFilter.doFilter(OncePerRequestFilter.java:119) ~[spring-web-5.2.6.RELEASE.jar:5.2.6.RELEASE]
	at org.apache.catalina.core.ApplicationFilterChain.internalDoFilter(ApplicationFilterChain.java:193) ~[tomcat-embed-core-9.0.35.jar:9.0.35]
	at org.apache.catalina.core.ApplicationFilterChain.doFilter(ApplicationFilterChain.java:166) ~[tomcat-embed-core-9.0.35.jar:9.0.35]
	at org.apache.catalina.core.StandardWrapperValve.invoke(StandardWrapperValve.java:202) ~[tomcat-embed-core-9.0.35.jar:9.0.35]
	at org.apache.catalina.core.StandardContextValve.invoke(StandardContextValve.java:96) ~[tomcat-embed-core-9.0.35.jar:9.0.35]
	at org.apache.catalina.authenticator.AuthenticatorBase.invoke(AuthenticatorBase.java:541) ~[tomcat-embed-core-9.0.35.jar:9.0.35]
	at org.apache.catalina.core.StandardHostValve.invoke(StandardHostValve.java:139) ~[tomcat-embed-core-9.0.35.jar:9.0.35]
	at org.apache.catalina.valves.ErrorReportValve.invoke(ErrorReportValve.java:92) ~[tomcat-embed-core-9.0.35.jar:9.0.35]
	at org.apache.catalina.core.StandardEngineValve.invoke(StandardEngineValve.java:74) ~[tomcat-embed-core-9.0.35.jar:9.0.35]
	at org.apache.catalina.connector.CoyoteAdapter.service(CoyoteAdapter.java:343) ~[tomcat-embed-core-9.0.35.jar:9.0.35]
	at org.apache.coyote.http11.Http11Processor.service(Http11Processor.java:373) ~[tomcat-embed-core-9.0.35.jar:9.0.35]
	at org.apache.coyote.AbstractProcessorLight.process(AbstractProcessorLight.java:65) ~[tomcat-embed-core-9.0.35.jar:9.0.35]
	at org.apache.coyote.AbstractProtocol$ConnectionHandler.process(AbstractProtocol.java:868) ~[tomcat-embed-core-9.0.35.jar:9.0.35]
	at org.apache.tomcat.util.net.NioEndpoint$SocketProcessor.doRun(NioEndpoint.java:1590) ~[tomcat-embed-core-9.0.35.jar:9.0.35]
	at org.apache.tomcat.util.net.SocketProcessorBase.run(SocketProcessorBase.java:49) ~[tomcat-embed-core-9.0.35.jar:9.0.35]
	at java.base/java.util.concurrent.ThreadPoolExecutor.runWorker(ThreadPoolExecutor.java:1128) ~[na:na]
	at java.base/java.util.concurrent.ThreadPoolExecutor$Worker.run(ThreadPoolExecutor.java:628) ~[na:na]
	at org.apache.tomcat.util.threads.TaskThread$WrappingRunnable.run(TaskThread.java:61) ~[tomcat-embed-core-9.0.35.jar:9.0.35]
	at java.base/java.lang.Thread.run(Thread.java:834) ~[na:na]

2020-05-30 01:58:14.594 DEBUG 34551 --- [http-nio-8080-exec-2] o.s.web.servlet.DispatcherServlet        : "ERROR" dispatch for GET "/error?state=Niger", parameters={masked}
2020-05-30 01:58:14.602 DEBUG 34551 --- [http-nio-8080-exec-2] s.w.s.m.m.a.RequestMappingHandlerMapping : Mapped to org.springframework.boot.autoconfigure.web.servlet.error.BasicErrorController#error(HttpServletRequest)
2020-05-30 01:58:14.675 DEBUG 34551 --- [http-nio-8080-exec-2] o.s.w.s.m.m.a.HttpEntityMethodProcessor  : Using 'application/json', given [*/*] and supported [application/json, application/*+json, application/json, application/*+json]
2020-05-30 01:58:14.676 DEBUG 34551 --- [http-nio-8080-exec-2] o.s.w.s.m.m.a.HttpEntityMethodProcessor  : Writing [{timestamp=Sat May 30 01:58:14 WAT 2020, status=500, error=Internal Server Error, trace=java.lang.Nu (truncated)...]
2020-05-30 01:58:14.853 DEBUG 34551 --- [http-nio-8080-exec-2] o.s.web.servlet.DispatcherServlet        : Exiting from "ERROR" dispatch, status 500
2020-05-30 01:58:44.013 DEBUG 34551 --- [http-nio-8080-exec-4] o.s.web.servlet.DispatcherServlet        : GET "/api/country/state/?capital=Minna", parameters={masked}
2020-05-30 01:58:44.014 DEBUG 34551 --- [http-nio-8080-exec-4] s.w.s.m.m.a.RequestMappingHandlerMapping : Mapped to com.bucketlist.bucketlistclient.countrylist.CountryListController#getCountry(String)
2020-05-30 01:58:44.015 DEBUG 34551 --- [http-nio-8080-exec-4] .w.s.m.m.a.ServletInvocableHandlerMethod : Could not resolve parameter [0] in public org.springframework.http.ResponseEntity com.bucketlist.bucketlistclient.countrylist.CountryListController.getCountry(java.lang.String): Required String parameter 'state' is not present
2020-05-30 01:58:44.016  WARN 34551 --- [http-nio-8080-exec-4] .w.s.m.s.DefaultHandlerExceptionResolver : Resolved [org.springframework.web.bind.MissingServletRequestParameterException: Required String parameter 'state' is not present]
2020-05-30 01:58:44.016 DEBUG 34551 --- [http-nio-8080-exec-4] o.s.web.servlet.DispatcherServlet        : Completed 400 BAD_REQUEST
2020-05-30 01:58:44.017 DEBUG 34551 --- [http-nio-8080-exec-4] o.s.web.servlet.DispatcherServlet        : "ERROR" dispatch for GET "/error?capital=Minna", parameters={masked}
2020-05-30 01:58:44.017 DEBUG 34551 --- [http-nio-8080-exec-4] s.w.s.m.m.a.RequestMappingHandlerMapping : Mapped to org.springframework.boot.autoconfigure.web.servlet.error.BasicErrorController#error(HttpServletRequest)
2020-05-30 01:58:44.019 DEBUG 34551 --- [http-nio-8080-exec-4] o.s.w.s.m.m.a.HttpEntityMethodProcessor  : Using 'application/json', given [*/*] and supported [application/json, application/*+json, application/json, application/*+json]
2020-05-30 01:58:44.019 DEBUG 34551 --- [http-nio-8080-exec-4] o.s.w.s.m.m.a.HttpEntityMethodProcessor  : Writing [{timestamp=Sat May 30 01:58:44 WAT 2020, status=400, error=Bad Request, trace=org.springframework.we (truncated)...]
2020-05-30 01:58:44.020 DEBUG 34551 --- [http-nio-8080-exec-4] o.s.web.servlet.DispatcherServlet        : Exiting from "ERROR" dispatch, status 400
2020-05-30 02:00:07.493  INFO 34551 --- [Thread-184] j.LocalContainerEntityManagerFactoryBean : Closing JPA EntityManagerFactory for persistence unit 'default'
2020-05-30 02:00:07.498  INFO 34551 --- [Thread-184] o.s.s.concurrent.ThreadPoolTaskExecutor  : Shutting down ExecutorService 'applicationTaskExecutor'
2020-05-30 02:00:07.501  INFO 34551 --- [Thread-184] com.zaxxer.hikari.HikariDataSource       : HikariPool-1 - Shutdown initiated...
2020-05-30 02:00:07.526  INFO 34551 --- [Thread-184] com.zaxxer.hikari.HikariDataSource       : HikariPool-1 - Shutdown completed.
2020-05-30 02:00:07.898  INFO 34551 --- [restartedMain] c.b.b.BucketlistClientApplication        : Starting BucketlistClientApplication on Umars-MacBook-Pro.local with PID 34551 (/Users/umarsaiduauna/Documents/IntelliJ/Java/SpringBoot/bucketlist-client/target/classes started by umarsaiduauna in /Users/umarsaiduauna/Documents/IntelliJ/Java/SpringBoot/bucketlist-client)
2020-05-30 02:00:07.899  INFO 34551 --- [restartedMain] c.b.b.BucketlistClientApplication        : No active profile set, falling back to default profiles: default
2020-05-30 02:00:08.292  INFO 34551 --- [restartedMain] .s.d.r.c.RepositoryConfigurationDelegate : Bootstrapping Spring Data JPA repositories in DEFERRED mode.
2020-05-30 02:00:08.315  INFO 34551 --- [restartedMain] .s.d.r.c.RepositoryConfigurationDelegate : Finished Spring Data repository scanning in 21ms. Found 2 JPA repository interfaces.
2020-05-30 02:00:08.477  INFO 34551 --- [restartedMain] o.s.b.w.embedded.tomcat.TomcatWebServer  : Tomcat initialized with port(s): 8080 (http)
2020-05-30 02:00:08.478  INFO 34551 --- [restartedMain] o.apache.catalina.core.StandardService   : Starting service [Tomcat]
2020-05-30 02:00:08.479  INFO 34551 --- [restartedMain] org.apache.catalina.core.StandardEngine  : Starting Servlet engine: [Apache Tomcat/9.0.35]
2020-05-30 02:00:08.511  INFO 34551 --- [restartedMain] o.a.c.c.C.[Tomcat].[localhost].[/]       : Initializing Spring embedded WebApplicationContext
2020-05-30 02:00:08.511 DEBUG 34551 --- [restartedMain] o.s.web.context.ContextLoader            : Published root WebApplicationContext as ServletContext attribute with name [org.springframework.web.context.WebApplicationContext.ROOT]
2020-05-30 02:00:08.512  INFO 34551 --- [restartedMain] o.s.web.context.ContextLoader            : Root WebApplicationContext: initialization completed in 609 ms
2020-05-30 02:00:08.527 DEBUG 34551 --- [restartedMain] o.s.b.w.s.ServletContextInitializerBeans : Mapping filters: characterEncodingFilter urls=[/*] order=-2147483648, formContentFilter urls=[/*] order=-9900, requestContextFilter urls=[/*] order=-105
2020-05-30 02:00:08.528 DEBUG 34551 --- [restartedMain] o.s.b.w.s.ServletContextInitializerBeans : Mapping servlets: dispatcherServlet urls=[/]
2020-05-30 02:00:08.610  INFO 34551 --- [restartedMain] o.s.s.concurrent.ThreadPoolTaskExecutor  : Initializing ExecutorService 'applicationTaskExecutor'
2020-05-30 02:00:08.620  INFO 34551 --- [task-1] o.hibernate.jpa.internal.util.LogHelper  : HHH000204: Processing PersistenceUnitInfo [name: default]
2020-05-30 02:00:08.635  INFO 34551 --- [task-1] com.zaxxer.hikari.HikariDataSource       : HikariPool-2 - Starting...
2020-05-30 02:00:08.666  WARN 34551 --- [restartedMain] JpaBaseConfiguration$JpaWebConfiguration : spring.jpa.open-in-view is enabled by default. Therefore, database queries may be performed during view rendering. Explicitly configure spring.jpa.open-in-view to disable this warning
2020-05-30 02:00:08.677  INFO 34551 --- [task-1] com.zaxxer.hikari.HikariDataSource       : HikariPool-2 - Start completed.
2020-05-30 02:00:08.678  INFO 34551 --- [task-1] org.hibernate.dialect.Dialect            : HHH000400: Using dialect: org.hibernate.dialect.MySQL8Dialect
2020-05-30 02:00:08.760  INFO 34551 --- [task-1] o.h.e.t.j.p.i.JtaPlatformInitiator       : HHH000490: Using JtaPlatform implementation: [org.hibernate.engine.transaction.jta.platform.internal.NoJtaPlatform]
2020-05-30 02:00:08.761  INFO 34551 --- [task-1] j.LocalContainerEntityManagerFactoryBean : Initialized JPA EntityManagerFactory for persistence unit 'default'
2020-05-30 02:00:08.870 DEBUG 34551 --- [restartedMain] s.w.s.m.m.a.RequestMappingHandlerAdapter : ControllerAdvice beans: 0 @ModelAttribute, 0 @InitBinder, 1 RequestBodyAdvice, 1 ResponseBodyAdvice
2020-05-30 02:00:08.885  INFO 34551 --- [task-2] o.s.b.d.a.OptionalLiveReloadServer       : LiveReload server is running on port 35729
2020-05-30 02:00:08.901 DEBUG 34551 --- [restartedMain] s.w.s.m.m.a.RequestMappingHandlerMapping : 12 mappings in 'requestMappingHandlerMapping'
2020-05-30 02:00:08.905  INFO 34551 --- [restartedMain] o.s.b.a.w.s.WelcomePageHandlerMapping    : Adding welcome page template: index
2020-05-30 02:00:08.924 DEBUG 34551 --- [restartedMain] o.s.w.s.handler.SimpleUrlHandlerMapping  : Patterns [/webjars/**, /**] in 'resourceHandlerMapping'
2020-05-30 02:00:08.936 DEBUG 34551 --- [restartedMain] .m.m.a.ExceptionHandlerExceptionResolver : ControllerAdvice beans: 0 @ExceptionHandler, 1 ResponseBodyAdvice
2020-05-30 02:00:09.048  INFO 34551 --- [restartedMain] o.s.b.w.embedded.tomcat.TomcatWebServer  : Tomcat started on port(s): 8080 (http) with context path ''
2020-05-30 02:00:09.049  INFO 34551 --- [restartedMain] DeferredRepositoryInitializationListener : Triggering deferred initialization of Spring Data repositories…
2020-05-30 02:00:09.101  INFO 34551 --- [restartedMain] DeferredRepositoryInitializationListener : Spring Data repositories initialized!
2020-05-30 02:00:09.104  INFO 34551 --- [restartedMain] c.b.b.BucketlistClientApplication        : Started BucketlistClientApplication in 1.467 seconds (JVM running for 133.722)
2020-05-30 02:00:09.106  INFO 34551 --- [restartedMain] .ConditionEvaluationDeltaLoggingListener : Condition evaluation unchanged
2020-05-30 02:01:37.710  INFO 34551 --- [SpringContextShutdownHook] j.LocalContainerEntityManagerFactoryBean : Closing JPA EntityManagerFactory for persistence unit 'default'
2020-05-30 02:01:37.711  INFO 34551 --- [SpringContextShutdownHook] o.s.s.concurrent.ThreadPoolTaskExecutor  : Shutting down ExecutorService 'applicationTaskExecutor'
2020-05-30 02:01:37.712  INFO 34551 --- [SpringContextShutdownHook] com.zaxxer.hikari.HikariDataSource       : HikariPool-2 - Shutdown initiated...
2020-05-30 02:01:37.724  INFO 34551 --- [SpringContextShutdownHook] com.zaxxer.hikari.HikariDataSource       : HikariPool-2 - Shutdown completed.
2020-05-30 02:01:42.818  INFO 34770 --- [restartedMain] c.b.b.BucketlistClientApplication        : Starting BucketlistClientApplication on Umars-MacBook-Pro.local with PID 34770 (/Users/umarsaiduauna/Documents/IntelliJ/Java/SpringBoot/bucketlist-client/target/classes started by umarsaiduauna in /Users/umarsaiduauna/Documents/IntelliJ/Java/SpringBoot/bucketlist-client)
2020-05-30 02:01:42.821  INFO 34770 --- [restartedMain] c.b.b.BucketlistClientApplication        : No active profile set, falling back to default profiles: default
2020-05-30 02:01:42.880  INFO 34770 --- [restartedMain] .e.DevToolsPropertyDefaultsPostProcessor : Devtools property defaults active! Set 'spring.devtools.add-properties' to 'false' to disable
2020-05-30 02:01:43.684  INFO 34770 --- [restartedMain] .s.d.r.c.RepositoryConfigurationDelegate : Bootstrapping Spring Data JPA repositories in DEFERRED mode.
2020-05-30 02:01:43.760  INFO 34770 --- [restartedMain] .s.d.r.c.RepositoryConfigurationDelegate : Finished Spring Data repository scanning in 64ms. Found 2 JPA repository interfaces.
2020-05-30 02:01:44.488  INFO 34770 --- [restartedMain] o.s.b.w.embedded.tomcat.TomcatWebServer  : Tomcat initialized with port(s): 8080 (http)
2020-05-30 02:01:44.501  INFO 34770 --- [restartedMain] o.apache.catalina.core.StandardService   : Starting service [Tomcat]
2020-05-30 02:01:44.502  INFO 34770 --- [restartedMain] org.apache.catalina.core.StandardEngine  : Starting Servlet engine: [Apache Tomcat/9.0.35]
2020-05-30 02:01:44.603  INFO 34770 --- [restartedMain] o.a.c.c.C.[Tomcat].[localhost].[/]       : Initializing Spring embedded WebApplicationContext
2020-05-30 02:01:44.604 DEBUG 34770 --- [restartedMain] o.s.web.context.ContextLoader            : Published root WebApplicationContext as ServletContext attribute with name [org.springframework.web.context.WebApplicationContext.ROOT]
2020-05-30 02:01:44.604  INFO 34770 --- [restartedMain] o.s.web.context.ContextLoader            : Root WebApplicationContext: initialization completed in 1724 ms
2020-05-30 02:01:44.623 DEBUG 34770 --- [restartedMain] o.s.b.w.s.ServletContextInitializerBeans : Mapping filters: characterEncodingFilter urls=[/*] order=-2147483648, formContentFilter urls=[/*] order=-9900, requestContextFilter urls=[/*] order=-105
2020-05-30 02:01:44.623 DEBUG 34770 --- [restartedMain] o.s.b.w.s.ServletContextInitializerBeans : Mapping servlets: dispatcherServlet urls=[/]
2020-05-30 02:01:44.840  INFO 34770 --- [restartedMain] o.s.s.concurrent.ThreadPoolTaskExecutor  : Initializing ExecutorService 'applicationTaskExecutor'
2020-05-30 02:01:44.889  INFO 34770 --- [task-1] o.hibernate.jpa.internal.util.LogHelper  : HHH000204: Processing PersistenceUnitInfo [name: default]
2020-05-30 02:01:44.940  INFO 34770 --- [task-1] org.hibernate.Version                    : HHH000412: Hibernate ORM core version 5.4.15.Final
2020-05-30 02:01:44.941  WARN 34770 --- [restartedMain] JpaBaseConfiguration$JpaWebConfiguration : spring.jpa.open-in-view is enabled by default. Therefore, database queries may be performed during view rendering. Explicitly configure spring.jpa.open-in-view to disable this warning
2020-05-30 02:01:45.093  INFO 34770 --- [task-1] o.hibernate.annotations.common.Version   : HCANN000001: Hibernate Commons Annotations {5.1.0.Final}
2020-05-30 02:01:45.203  INFO 34770 --- [task-1] com.zaxxer.hikari.HikariDataSource       : HikariPool-1 - Starting...
2020-05-30 02:01:45.616  INFO 34770 --- [task-1] com.zaxxer.hikari.HikariDataSource       : HikariPool-1 - Start completed.
2020-05-30 02:01:45.635  INFO 34770 --- [task-1] org.hibernate.dialect.Dialect            : HHH000400: Using dialect: org.hibernate.dialect.MySQL8Dialect
2020-05-30 02:01:46.278  INFO 34770 --- [task-1] o.h.e.t.j.p.i.JtaPlatformInitiator       : HHH000490: Using JtaPlatform implementation: [org.hibernate.engine.transaction.jta.platform.internal.NoJtaPlatform]
2020-05-30 02:01:46.286  INFO 34770 --- [task-1] j.LocalContainerEntityManagerFactoryBean : Initialized JPA EntityManagerFactory for persistence unit 'default'
2020-05-30 02:01:46.559 DEBUG 34770 --- [restartedMain] s.w.s.m.m.a.RequestMappingHandlerAdapter : ControllerAdvice beans: 0 @ModelAttribute, 0 @InitBinder, 1 RequestBodyAdvice, 1 ResponseBodyAdvice
2020-05-30 02:01:46.613  INFO 34770 --- [task-2] o.s.b.d.a.OptionalLiveReloadServer       : LiveReload server is running on port 35729
2020-05-30 02:01:46.650 DEBUG 34770 --- [restartedMain] s.w.s.m.m.a.RequestMappingHandlerMapping : 12 mappings in 'requestMappingHandlerMapping'
2020-05-30 02:01:46.656  INFO 34770 --- [restartedMain] o.s.b.a.w.s.WelcomePageHandlerMapping    : Adding welcome page template: index
2020-05-30 02:01:46.684 DEBUG 34770 --- [restartedMain] o.s.w.s.handler.SimpleUrlHandlerMapping  : Patterns [/webjars/**, /**] in 'resourceHandlerMapping'
2020-05-30 02:01:46.701 DEBUG 34770 --- [restartedMain] .m.m.a.ExceptionHandlerExceptionResolver : ControllerAdvice beans: 0 @ExceptionHandler, 1 ResponseBodyAdvice
2020-05-30 02:01:46.902  INFO 34770 --- [restartedMain] o.s.b.w.embedded.tomcat.TomcatWebServer  : Tomcat started on port(s): 8080 (http) with context path ''
2020-05-30 02:01:46.904  INFO 34770 --- [restartedMain] DeferredRepositoryInitializationListener : Triggering deferred initialization of Spring Data repositories…
2020-05-30 02:01:47.064  WARN 34770 --- [restartedMain] ConfigServletWebServerApplicationContext : Exception encountered during context initialization - cancelling refresh attempt: org.springframework.beans.factory.BeanCreationException: Error creating bean with name 'countryRepository': FactoryBean threw exception on object creation; nested exception is java.lang.IllegalArgumentException: Failed to create query for method public abstract java.util.Optional com.bucketlist.bucketlistclient.countrylist.CountryRepository.findAll(java.lang.String)! No property findAll found for type CountryList!
2020-05-30 02:01:47.066  INFO 34770 --- [restartedMain] j.LocalContainerEntityManagerFactoryBean : Closing JPA EntityManagerFactory for persistence unit 'default'
2020-05-30 02:01:47.069  INFO 34770 --- [restartedMain] o.s.s.concurrent.ThreadPoolTaskExecutor  : Shutting down ExecutorService 'applicationTaskExecutor'
2020-05-30 02:01:47.071  INFO 34770 --- [restartedMain] com.zaxxer.hikari.HikariDataSource       : HikariPool-1 - Shutdown initiated...
2020-05-30 02:01:47.087  INFO 34770 --- [restartedMain] com.zaxxer.hikari.HikariDataSource       : HikariPool-1 - Shutdown completed.
2020-05-30 02:01:47.102  INFO 34770 --- [restartedMain] o.apache.catalina.core.StandardService   : Stopping service [Tomcat]
2020-05-30 02:01:47.122  INFO 34770 --- [restartedMain] ConditionEvaluationReportLoggingListener : 

Error starting ApplicationContext. To display the conditions report re-run your application with 'debug' enabled.
2020-05-30 02:01:47.143 ERROR 34770 --- [restartedMain] o.s.boot.SpringApplication               : Application run failed

org.springframework.beans.factory.BeanCreationException: Error creating bean with name 'countryRepository': FactoryBean threw exception on object creation; nested exception is java.lang.IllegalArgumentException: Failed to create query for method public abstract java.util.Optional com.bucketlist.bucketlistclient.countrylist.CountryRepository.findAll(java.lang.String)! No property findAll found for type CountryList!
	at org.springframework.beans.factory.support.FactoryBeanRegistrySupport.doGetObjectFromFactoryBean(FactoryBeanRegistrySupport.java:178) ~[spring-beans-5.2.6.RELEASE.jar:5.2.6.RELEASE]
	at org.springframework.beans.factory.support.FactoryBeanRegistrySupport.getObjectFromFactoryBean(FactoryBeanRegistrySupport.java:101) ~[spring-beans-5.2.6.RELEASE.jar:5.2.6.RELEASE]
	at org.springframework.beans.factory.support.AbstractBeanFactory.getObjectForBeanInstance(AbstractBeanFactory.java:1821) ~[spring-beans-5.2.6.RELEASE.jar:5.2.6.RELEASE]
	at org.springframework.beans.factory.support.AbstractAutowireCapableBeanFactory.getObjectForBeanInstance(AbstractAutowireCapableBeanFactory.java:1266) ~[spring-beans-5.2.6.RELEASE.jar:5.2.6.RELEASE]
	at org.springframework.beans.factory.support.AbstractBeanFactory.doGetBean(AbstractBeanFactory.java:260) ~[spring-beans-5.2.6.RELEASE.jar:5.2.6.RELEASE]
	at org.springframework.beans.factory.support.AbstractBeanFactory.getBean(AbstractBeanFactory.java:202) ~[spring-beans-5.2.6.RELEASE.jar:5.2.6.RELEASE]
	at org.springframework.beans.factory.support.DefaultListableBeanFactory.getBeansOfType(DefaultListableBeanFactory.java:623) ~[spring-beans-5.2.6.RELEASE.jar:5.2.6.RELEASE]
	at org.springframework.beans.factory.support.DefaultListableBeanFactory.getBeansOfType(DefaultListableBeanFactory.java:611) ~[spring-beans-5.2.6.RELEASE.jar:5.2.6.RELEASE]
	at org.springframework.data.repository.config.DeferredRepositoryInitializationListener.onApplicationEvent(DeferredRepositoryInitializationListener.java:51) ~[spring-data-commons-2.3.0.RELEASE.jar:2.3.0.RELEASE]
	at org.springframework.data.repository.config.DeferredRepositoryInitializationListener.onApplicationEvent(DeferredRepositoryInitializationListener.java:36) ~[spring-data-commons-2.3.0.RELEASE.jar:2.3.0.RELEASE]
	at org.springframework.context.event.SimpleApplicationEventMulticaster.doInvokeListener(SimpleApplicationEventMulticaster.java:172) ~[spring-context-5.2.6.RELEASE.jar:5.2.6.RELEASE]
	at org.springframework.context.event.SimpleApplicationEventMulticaster.invokeListener(SimpleApplicationEventMulticaster.java:165) ~[spring-context-5.2.6.RELEASE.jar:5.2.6.RELEASE]
	at org.springframework.context.event.SimpleApplicationEventMulticaster.multicastEvent(SimpleApplicationEventMulticaster.java:139) ~[spring-context-5.2.6.RELEASE.jar:5.2.6.RELEASE]
	at org.springframework.context.support.AbstractApplicationContext.publishEvent(AbstractApplicationContext.java:403) ~[spring-context-5.2.6.RELEASE.jar:5.2.6.RELEASE]
	at org.springframework.context.support.AbstractApplicationContext.publishEvent(AbstractApplicationContext.java:360) ~[spring-context-5.2.6.RELEASE.jar:5.2.6.RELEASE]
	at org.springframework.context.support.AbstractApplicationContext.finishRefresh(AbstractApplicationContext.java:897) ~[spring-context-5.2.6.RELEASE.jar:5.2.6.RELEASE]
	at org.springframework.context.support.AbstractApplicationContext.refresh(AbstractApplicationContext.java:553) ~[spring-context-5.2.6.RELEASE.jar:5.2.6.RELEASE]
	at org.springframework.boot.web.servlet.context.ServletWebServerApplicationContext.refresh(ServletWebServerApplicationContext.java:143) ~[spring-boot-2.3.0.RELEASE.jar:2.3.0.RELEASE]
	at org.springframework.boot.SpringApplication.refresh(SpringApplication.java:758) ~[spring-boot-2.3.0.RELEASE.jar:2.3.0.RELEASE]
	at org.springframework.boot.SpringApplication.refresh(SpringApplication.java:750) ~[spring-boot-2.3.0.RELEASE.jar:2.3.0.RELEASE]
	at org.springframework.boot.SpringApplication.refreshContext(SpringApplication.java:397) ~[spring-boot-2.3.0.RELEASE.jar:2.3.0.RELEASE]
	at org.springframework.boot.SpringApplication.run(SpringApplication.java:315) ~[spring-boot-2.3.0.RELEASE.jar:2.3.0.RELEASE]
	at org.springframework.boot.SpringApplication.run(SpringApplication.java:1237) ~[spring-boot-2.3.0.RELEASE.jar:2.3.0.RELEASE]
	at org.springframework.boot.SpringApplication.run(SpringApplication.java:1226) ~[spring-boot-2.3.0.RELEASE.jar:2.3.0.RELEASE]
	at com.bucketlist.bucketlistclient.BucketlistClientApplication.main(BucketlistClientApplication.java:12) ~[classes/:na]
	at java.base/jdk.internal.reflect.NativeMethodAccessorImpl.invoke0(Native Method) ~[na:na]
	at java.base/jdk.internal.reflect.NativeMethodAccessorImpl.invoke(NativeMethodAccessorImpl.java:62) ~[na:na]
	at java.base/jdk.internal.reflect.DelegatingMethodAccessorImpl.invoke(DelegatingMethodAccessorImpl.java:43) ~[na:na]
	at java.base/java.lang.reflect.Method.invoke(Method.java:566) ~[na:na]
	at org.springframework.boot.devtools.restart.RestartLauncher.run(RestartLauncher.java:49) ~[spring-boot-devtools-2.3.0.RELEASE.jar:2.3.0.RELEASE]
Caused by: java.lang.IllegalArgumentException: Failed to create query for method public abstract java.util.Optional com.bucketlist.bucketlistclient.countrylist.CountryRepository.findAll(java.lang.String)! No property findAll found for type CountryList!
	at org.springframework.data.jpa.repository.query.PartTreeJpaQuery.<init>(PartTreeJpaQuery.java:96) ~[spring-data-jpa-2.3.0.RELEASE.jar:2.3.0.RELEASE]
	at org.springframework.data.jpa.repository.query.JpaQueryLookupStrategy$CreateQueryLookupStrategy.resolveQuery(JpaQueryLookupStrategy.java:107) ~[spring-data-jpa-2.3.0.RELEASE.jar:2.3.0.RELEASE]
	at org.springframework.data.jpa.repository.query.JpaQueryLookupStrategy$CreateIfNotFoundQueryLookupStrategy.resolveQuery(JpaQueryLookupStrategy.java:218) ~[spring-data-jpa-2.3.0.RELEASE.jar:2.3.0.RELEASE]
	at org.springframework.data.jpa.repository.query.JpaQueryLookupStrategy$AbstractQueryLookupStrategy.resolveQuery(JpaQueryLookupStrategy.java:81) ~[spring-data-jpa-2.3.0.RELEASE.jar:2.3.0.RELEASE]
	at org.springframework.data.repository.core.support.QueryExecutorMethodInterceptor.lookupQuery(QueryExecutorMethodInterceptor.java:99) ~[spring-data-commons-2.3.0.RELEASE.jar:2.3.0.RELEASE]
	at org.springframework.data.repository.core.support.QueryExecutorMethodInterceptor.lambda$mapMethodsToQuery$1(QueryExecutorMethodInterceptor.java:92) ~[spring-data-commons-2.3.0.RELEASE.jar:2.3.0.RELEASE]
	at java.base/java.util.stream.ReferencePipeline$3$1.accept(ReferencePipeline.java:195) ~[na:na]
	at java.base/java.util.Iterator.forEachRemaining(Iterator.java:133) ~[na:na]
	at java.base/java.util.Collections$UnmodifiableCollection$1.forEachRemaining(Collections.java:1054) ~[na:na]
	at java.base/java.util.Spliterators$IteratorSpliterator.forEachRemaining(Spliterators.java:1801) ~[na:na]
	at java.base/java.util.stream.AbstractPipeline.copyInto(AbstractPipeline.java:484) ~[na:na]
	at java.base/java.util.stream.AbstractPipeline.wrapAndCopyInto(AbstractPipeline.java:474) ~[na:na]
	at java.base/java.util.stream.ReduceOps$ReduceOp.evaluateSequential(ReduceOps.java:913) ~[na:na]
	at java.base/java.util.stream.AbstractPipeline.evaluate(AbstractPipeline.java:234) ~[na:na]
	at java.base/java.util.stream.ReferencePipeline.collect(ReferencePipeline.java:578) ~[na:na]
	at org.springframework.data.repository.core.support.QueryExecutorMethodInterceptor.mapMethodsToQuery(QueryExecutorMethodInterceptor.java:94) ~[spring-data-commons-2.3.0.RELEASE.jar:2.3.0.RELEASE]
	at org.springframework.data.repository.core.support.QueryExecutorMethodInterceptor.lambda$new$0(QueryExecutorMethodInterceptor.java:84) ~[spring-data-commons-2.3.0.RELEASE.jar:2.3.0.RELEASE]
	at java.base/java.util.Optional.map(Optional.java:265) ~[na:na]
	at org.springframework.data.repository.core.support.QueryExecutorMethodInterceptor.<init>(QueryExecutorMethodInterceptor.java:84) ~[spring-data-commons-2.3.0.RELEASE.jar:2.3.0.RELEASE]
	at org.springframework.data.repository.core.support.RepositoryFactorySupport.getRepository(RepositoryFactorySupport.java:331) ~[spring-data-commons-2.3.0.RELEASE.jar:2.3.0.RELEASE]
	at org.springframework.data.repository.core.support.RepositoryFactoryBeanSupport.lambda$afterPropertiesSet$5(RepositoryFactoryBeanSupport.java:297) ~[spring-data-commons-2.3.0.RELEASE.jar:2.3.0.RELEASE]
	at org.springframework.data.util.Lazy.getNullable(Lazy.java:212) ~[spring-data-commons-2.3.0.RELEASE.jar:2.3.0.RELEASE]
	at org.springframework.data.util.Lazy.get(Lazy.java:94) ~[spring-data-commons-2.3.0.RELEASE.jar:2.3.0.RELEASE]
	at org.springframework.data.repository.core.support.RepositoryFactoryBeanSupport.getObject(RepositoryFactoryBeanSupport.java:244) ~[spring-data-commons-2.3.0.RELEASE.jar:2.3.0.RELEASE]
	at org.springframework.data.repository.core.support.RepositoryFactoryBeanSupport.getObject(RepositoryFactoryBeanSupport.java:57) ~[spring-data-commons-2.3.0.RELEASE.jar:2.3.0.RELEASE]
	at org.springframework.beans.factory.support.FactoryBeanRegistrySupport.doGetObjectFromFactoryBean(FactoryBeanRegistrySupport.java:171) ~[spring-beans-5.2.6.RELEASE.jar:5.2.6.RELEASE]
	... 29 common frames omitted
Caused by: org.springframework.data.mapping.PropertyReferenceException: No property findAll found for type CountryList!
	at org.springframework.data.mapping.PropertyPath.<init>(PropertyPath.java:94) ~[spring-data-commons-2.3.0.RELEASE.jar:2.3.0.RELEASE]
	at org.springframework.data.mapping.PropertyPath.create(PropertyPath.java:382) ~[spring-data-commons-2.3.0.RELEASE.jar:2.3.0.RELEASE]
	at org.springframework.data.mapping.PropertyPath.create(PropertyPath.java:358) ~[spring-data-commons-2.3.0.RELEASE.jar:2.3.0.RELEASE]
	at org.springframework.data.mapping.PropertyPath.lambda$from$0(PropertyPath.java:311) ~[spring-data-commons-2.3.0.RELEASE.jar:2.3.0.RELEASE]
	at java.base/java.util.concurrent.ConcurrentMap.computeIfAbsent(ConcurrentMap.java:330) ~[na:na]
	at org.springframework.data.mapping.PropertyPath.from(PropertyPath.java:293) ~[spring-data-commons-2.3.0.RELEASE.jar:2.3.0.RELEASE]
	at org.springframework.data.mapping.PropertyPath.from(PropertyPath.java:276) ~[spring-data-commons-2.3.0.RELEASE.jar:2.3.0.RELEASE]
	at org.springframework.data.repository.query.parser.Part.<init>(Part.java:82) ~[spring-data-commons-2.3.0.RELEASE.jar:2.3.0.RELEASE]
	at org.springframework.data.repository.query.parser.PartTree$OrPart.lambda$new$0(PartTree.java:251) ~[spring-data-commons-2.3.0.RELEASE.jar:2.3.0.RELEASE]
	at java.base/java.util.stream.ReferencePipeline$3$1.accept(ReferencePipeline.java:195) ~[na:na]
	at java.base/java.util.stream.ReferencePipeline$2$1.accept(ReferencePipeline.java:177) ~[na:na]
	at java.base/java.util.Spliterators$ArraySpliterator.forEachRemaining(Spliterators.java:948) ~[na:na]
	at java.base/java.util.stream.AbstractPipeline.copyInto(AbstractPipeline.java:484) ~[na:na]
	at java.base/java.util.stream.AbstractPipeline.wrapAndCopyInto(AbstractPipeline.java:474) ~[na:na]
	at java.base/java.util.stream.ReduceOps$ReduceOp.evaluateSequential(ReduceOps.java:913) ~[na:na]
	at java.base/java.util.stream.AbstractPipeline.evaluate(AbstractPipeline.java:234) ~[na:na]
	at java.base/java.util.stream.ReferencePipeline.collect(ReferencePipeline.java:578) ~[na:na]
	at org.springframework.data.repository.query.parser.PartTree$OrPart.<init>(PartTree.java:252) ~[spring-data-commons-2.3.0.RELEASE.jar:2.3.0.RELEASE]
	at org.springframework.data.repository.query.parser.PartTree$Predicate.lambda$new$0(PartTree.java:381) ~[spring-data-commons-2.3.0.RELEASE.jar:2.3.0.RELEASE]
	at java.base/java.util.stream.ReferencePipeline$3$1.accept(ReferencePipeline.java:195) ~[na:na]
	at java.base/java.util.stream.ReferencePipeline$2$1.accept(ReferencePipeline.java:177) ~[na:na]
	at java.base/java.util.Spliterators$ArraySpliterator.forEachRemaining(Spliterators.java:948) ~[na:na]
	at java.base/java.util.stream.AbstractPipeline.copyInto(AbstractPipeline.java:484) ~[na:na]
	at java.base/java.util.stream.AbstractPipeline.wrapAndCopyInto(AbstractPipeline.java:474) ~[na:na]
	at java.base/java.util.stream.ReduceOps$ReduceOp.evaluateSequential(ReduceOps.java:913) ~[na:na]
	at java.base/java.util.stream.AbstractPipeline.evaluate(AbstractPipeline.java:234) ~[na:na]
	at java.base/java.util.stream.ReferencePipeline.collect(ReferencePipeline.java:578) ~[na:na]
	at org.springframework.data.repository.query.parser.PartTree$Predicate.<init>(PartTree.java:382) ~[spring-data-commons-2.3.0.RELEASE.jar:2.3.0.RELEASE]
	at org.springframework.data.repository.query.parser.PartTree.<init>(PartTree.java:94) ~[spring-data-commons-2.3.0.RELEASE.jar:2.3.0.RELEASE]
	at org.springframework.data.jpa.repository.query.PartTreeJpaQuery.<init>(PartTreeJpaQuery.java:89) ~[spring-data-jpa-2.3.0.RELEASE.jar:2.3.0.RELEASE]
	... 54 common frames omitted

2020-05-30 02:03:27.207  INFO 34865 --- [restartedMain] c.b.b.BucketlistClientApplication        : Starting BucketlistClientApplication on Umars-MacBook-Pro.local with PID 34865 (/Users/umarsaiduauna/Documents/IntelliJ/Java/SpringBoot/bucketlist-client/target/classes started by umarsaiduauna in /Users/umarsaiduauna/Documents/IntelliJ/Java/SpringBoot/bucketlist-client)
2020-05-30 02:03:27.210  INFO 34865 --- [restartedMain] c.b.b.BucketlistClientApplication        : No active profile set, falling back to default profiles: default
2020-05-30 02:03:27.262  INFO 34865 --- [restartedMain] .e.DevToolsPropertyDefaultsPostProcessor : Devtools property defaults active! Set 'spring.devtools.add-properties' to 'false' to disable
2020-05-30 02:03:28.283  INFO 34865 --- [restartedMain] .s.d.r.c.RepositoryConfigurationDelegate : Bootstrapping Spring Data JPA repositories in DEFERRED mode.
2020-05-30 02:03:28.373  INFO 34865 --- [restartedMain] .s.d.r.c.RepositoryConfigurationDelegate : Finished Spring Data repository scanning in 78ms. Found 2 JPA repository interfaces.
2020-05-30 02:03:29.212  INFO 34865 --- [restartedMain] o.s.b.w.embedded.tomcat.TomcatWebServer  : Tomcat initialized with port(s): 8080 (http)
2020-05-30 02:03:29.224  INFO 34865 --- [restartedMain] o.apache.catalina.core.StandardService   : Starting service [Tomcat]
2020-05-30 02:03:29.224  INFO 34865 --- [restartedMain] org.apache.catalina.core.StandardEngine  : Starting Servlet engine: [Apache Tomcat/9.0.35]
2020-05-30 02:03:29.326  INFO 34865 --- [restartedMain] o.a.c.c.C.[Tomcat].[localhost].[/]       : Initializing Spring embedded WebApplicationContext
2020-05-30 02:03:29.326 DEBUG 34865 --- [restartedMain] o.s.web.context.ContextLoader            : Published root WebApplicationContext as ServletContext attribute with name [org.springframework.web.context.WebApplicationContext.ROOT]
2020-05-30 02:03:29.327  INFO 34865 --- [restartedMain] o.s.web.context.ContextLoader            : Root WebApplicationContext: initialization completed in 2063 ms
2020-05-30 02:03:29.348 DEBUG 34865 --- [restartedMain] o.s.b.w.s.ServletContextInitializerBeans : Mapping filters: characterEncodingFilter urls=[/*] order=-2147483648, formContentFilter urls=[/*] order=-9900, requestContextFilter urls=[/*] order=-105
2020-05-30 02:03:29.349 DEBUG 34865 --- [restartedMain] o.s.b.w.s.ServletContextInitializerBeans : Mapping servlets: dispatcherServlet urls=[/]
2020-05-30 02:03:29.595  INFO 34865 --- [restartedMain] o.s.s.concurrent.ThreadPoolTaskExecutor  : Initializing ExecutorService 'applicationTaskExecutor'
2020-05-30 02:03:29.647  INFO 34865 --- [task-1] o.hibernate.jpa.internal.util.LogHelper  : HHH000204: Processing PersistenceUnitInfo [name: default]
2020-05-30 02:03:29.700  INFO 34865 --- [task-1] org.hibernate.Version                    : HHH000412: Hibernate ORM core version 5.4.15.Final
2020-05-30 02:03:29.707  WARN 34865 --- [restartedMain] JpaBaseConfiguration$JpaWebConfiguration : spring.jpa.open-in-view is enabled by default. Therefore, database queries may be performed during view rendering. Explicitly configure spring.jpa.open-in-view to disable this warning
2020-05-30 02:03:29.871  INFO 34865 --- [task-1] o.hibernate.annotations.common.Version   : HCANN000001: Hibernate Commons Annotations {5.1.0.Final}
2020-05-30 02:03:29.972  INFO 34865 --- [task-1] com.zaxxer.hikari.HikariDataSource       : HikariPool-1 - Starting...
2020-05-30 02:03:30.379  INFO 34865 --- [task-1] com.zaxxer.hikari.HikariDataSource       : HikariPool-1 - Start completed.
2020-05-30 02:03:30.401  INFO 34865 --- [task-1] org.hibernate.dialect.Dialect            : HHH000400: Using dialect: org.hibernate.dialect.MySQL8Dialect
2020-05-30 02:03:31.085  INFO 34865 --- [task-1] o.h.e.t.j.p.i.JtaPlatformInitiator       : HHH000490: Using JtaPlatform implementation: [org.hibernate.engine.transaction.jta.platform.internal.NoJtaPlatform]
2020-05-30 02:03:31.093  INFO 34865 --- [task-1] j.LocalContainerEntityManagerFactoryBean : Initialized JPA EntityManagerFactory for persistence unit 'default'
2020-05-30 02:03:31.393 DEBUG 34865 --- [restartedMain] s.w.s.m.m.a.RequestMappingHandlerAdapter : ControllerAdvice beans: 0 @ModelAttribute, 0 @InitBinder, 1 RequestBodyAdvice, 1 ResponseBodyAdvice
2020-05-30 02:03:31.452 DEBUG 34865 --- [restartedMain] s.w.s.m.m.a.RequestMappingHandlerMapping : 12 mappings in 'requestMappingHandlerMapping'
2020-05-30 02:03:31.457  INFO 34865 --- [restartedMain] o.s.b.a.w.s.WelcomePageHandlerMapping    : Adding welcome page template: index
2020-05-30 02:03:31.494  INFO 34865 --- [task-2] o.s.b.d.a.OptionalLiveReloadServer       : LiveReload server is running on port 35729
2020-05-30 02:03:31.517 DEBUG 34865 --- [restartedMain] o.s.w.s.handler.SimpleUrlHandlerMapping  : Patterns [/webjars/**, /**] in 'resourceHandlerMapping'
2020-05-30 02:03:31.529 DEBUG 34865 --- [restartedMain] .m.m.a.ExceptionHandlerExceptionResolver : ControllerAdvice beans: 0 @ExceptionHandler, 1 ResponseBodyAdvice
2020-05-30 02:03:31.709  INFO 34865 --- [restartedMain] o.s.b.w.embedded.tomcat.TomcatWebServer  : Tomcat started on port(s): 8080 (http) with context path ''
2020-05-30 02:03:31.711  INFO 34865 --- [restartedMain] DeferredRepositoryInitializationListener : Triggering deferred initialization of Spring Data repositories…
2020-05-30 02:03:31.789  INFO 34865 --- [restartedMain] DeferredRepositoryInitializationListener : Spring Data repositories initialized!
2020-05-30 02:03:31.803  INFO 34865 --- [restartedMain] c.b.b.BucketlistClientApplication        : Started BucketlistClientApplication in 5.056 seconds (JVM running for 6.279)
2020-05-30 02:03:39.813  INFO 34865 --- [http-nio-8080-exec-1] o.a.c.c.C.[Tomcat].[localhost].[/]       : Initializing Spring DispatcherServlet 'dispatcherServlet'
2020-05-30 02:03:39.814  INFO 34865 --- [http-nio-8080-exec-1] o.s.web.servlet.DispatcherServlet        : Initializing Servlet 'dispatcherServlet'
2020-05-30 02:03:39.815 DEBUG 34865 --- [http-nio-8080-exec-1] o.s.web.servlet.DispatcherServlet        : Detected StandardServletMultipartResolver
2020-05-30 02:03:39.829 DEBUG 34865 --- [http-nio-8080-exec-1] o.s.web.servlet.DispatcherServlet        : enableLoggingRequestDetails='false': request parameters and headers will be masked to prevent unsafe logging of potentially sensitive data
2020-05-30 02:03:39.830  INFO 34865 --- [http-nio-8080-exec-1] o.s.web.servlet.DispatcherServlet        : Completed initialization in 16 ms
2020-05-30 02:03:39.852 DEBUG 34865 --- [http-nio-8080-exec-1] o.s.web.servlet.DispatcherServlet        : GET "/api/country/state/?id=2", parameters={masked}
2020-05-30 02:03:39.860 DEBUG 34865 --- [http-nio-8080-exec-1] s.w.s.m.m.a.RequestMappingHandlerMapping : Mapped to com.bucketlist.bucketlistclient.countrylist.CountryListController#getCountry(Long)
2020-05-30 02:03:40.310 DEBUG 34865 --- [http-nio-8080-exec-1] o.s.w.s.m.m.a.HttpEntityMethodProcessor  : Using 'application/json', given [*/*] and supported [application/json, application/*+json, application/json, application/*+json]
2020-05-30 02:03:40.312 DEBUG 34865 --- [http-nio-8080-exec-1] o.s.w.s.m.m.a.HttpEntityMethodProcessor  : Writing [CountryList{id=2, state='Niger', capital='Minna'}]
2020-05-30 02:03:40.345 DEBUG 34865 --- [http-nio-8080-exec-1] o.s.web.servlet.DispatcherServlet        : Completed 200 OK
2020-05-30 02:03:46.585 DEBUG 34865 --- [http-nio-8080-exec-3] o.s.web.servlet.DispatcherServlet        : GET "/api/country/", parameters={}
2020-05-30 02:03:46.585 DEBUG 34865 --- [http-nio-8080-exec-3] s.w.s.m.m.a.RequestMappingHandlerMapping : Mapped to com.bucketlist.bucketlistclient.countrylist.CountryListController#index()
2020-05-30 02:03:46.843 DEBUG 34865 --- [http-nio-8080-exec-3] o.s.w.s.m.m.a.HttpEntityMethodProcessor  : Using 'application/json', given [*/*] and supported [application/json, application/*+json, application/json, application/*+json]
2020-05-30 02:03:46.844 DEBUG 34865 --- [http-nio-8080-exec-3] o.s.w.s.m.m.a.HttpEntityMethodProcessor  : Writing [[CountryList{id=2, state='Niger', capital='Minna'}, CountryList{id=3, state='Jigawa', capital='Dutse (truncated)...]
2020-05-30 02:03:46.849 DEBUG 34865 --- [http-nio-8080-exec-3] o.s.web.servlet.DispatcherServlet        : Completed 200 OK
2020-05-30 02:04:17.929  INFO 34865 --- [SpringContextShutdownHook] j.LocalContainerEntityManagerFactoryBean : Closing JPA EntityManagerFactory for persistence unit 'default'
2020-05-30 02:04:17.934  INFO 34865 --- [SpringContextShutdownHook] o.s.s.concurrent.ThreadPoolTaskExecutor  : Shutting down ExecutorService 'applicationTaskExecutor'
2020-05-30 02:04:17.936  INFO 34865 --- [SpringContextShutdownHook] com.zaxxer.hikari.HikariDataSource       : HikariPool-1 - Shutdown initiated...
2020-05-30 02:04:17.949  INFO 34865 --- [SpringContextShutdownHook] com.zaxxer.hikari.HikariDataSource       : HikariPool-1 - Shutdown completed.
